[22:15:35][main] - Refreshing org.springframework.context.support.FileSystemXmlApplicationContext@3f102e87: startup date [Sat Aug 12 22:15:35 CST 2017]; root of context hierarchy
[22:15:35][main] - Loading XML bean definitions from file [E:\workspace\chat_room\chat_server\config\applicationContext.xml]
[22:15:36][main] - Loaded JDBC driver: com.mysql.jdbc.Driver
[22:15:37][main] - 加载groovy脚本的目录为:E:\workspace\chat_room\chat_server\groovy
[22:15:37][main] - 开始加载groovy脚本
[22:15:37][main] - 注册groovy bean [groovy\com\kingston\logic\chat\ChatInspector.java] 
[22:15:39][main] - http server start at [10086]
[22:15:42][main] - 服务端已启动，正在监听用户的请求......
[22:15:56][nioEventLoopGroup-5-1] - receive pact, content is ReqUserLoginPacket
[22:16:06][nioEventLoopGroup-5-1] - 客户端读超时
[22:16:06][nioEventLoopGroup-5-1] - receive pact, content is ReqHeartBeatPacket
[22:16:08][nioEventLoopGroup-5-1] - receive pact, content is ReqUserRegisterPacket
[22:16:18][nioEventLoopGroup-5-1] - 客户端读超时
[22:16:18][nioEventLoopGroup-5-1] - receive pact, content is ReqHeartBeatPacket
[22:16:28][nioEventLoopGroup-5-1] - 客户端读超时
[22:16:28][nioEventLoopGroup-5-1] - receive pact, content is ReqHeartBeatPacket
[22:16:38][nioEventLoopGroup-5-1] - 客户端读超时
[22:16:38][nioEventLoopGroup-5-1] - receive pact, content is ReqHeartBeatPacket
[22:16:48][nioEventLoopGroup-5-1] - 客户端读超时
[22:16:48][nioEventLoopGroup-5-1] - receive pact, content is ReqHeartBeatPacket
[22:16:58][nioEventLoopGroup-5-1] - 客户端读超时
[22:16:58][nioEventLoopGroup-5-1] - receive pact, content is ReqHeartBeatPacket
[22:17:08][nioEventLoopGroup-5-1] - 客户端读超时
[22:17:08][nioEventLoopGroup-5-1] - receive pact, content is ReqHeartBeatPacket
[22:17:18][nioEventLoopGroup-5-1] - 客户端读超时
[22:17:18][nioEventLoopGroup-5-1] - receive pact, content is ReqHeartBeatPacket
[22:17:28][nioEventLoopGroup-5-1] - 客户端读超时
[22:17:28][nioEventLoopGroup-5-1] - receive pact, content is ReqHeartBeatPacket
[22:17:38][nioEventLoopGroup-5-1] - 客户端读超时
[22:17:38][nioEventLoopGroup-5-1] - receive pact, content is ReqHeartBeatPacket
[22:17:48][nioEventLoopGroup-5-1] - 客户端读超时
[22:17:48][nioEventLoopGroup-5-1] - receive pact, content is ReqHeartBeatPacket
[22:17:58][nioEventLoopGroup-5-1] - 客户端读超时
[22:17:58][nioEventLoopGroup-5-1] - receive pact, content is ReqHeartBeatPacket
[22:18:08][nioEventLoopGroup-5-1] - 客户端读超时
[22:18:08][nioEventLoopGroup-5-1] - receive pact, content is ReqHeartBeatPacket
[22:18:18][nioEventLoopGroup-5-1] - 客户端读超时
[22:18:18][nioEventLoopGroup-5-1] - receive pact, content is ReqHeartBeatPacket
[22:18:28][nioEventLoopGroup-5-1] - 客户端读超时
[22:18:28][nioEventLoopGroup-5-1] - receive pact, content is ReqHeartBeatPacket
[22:18:38][nioEventLoopGroup-5-1] - 客户端读超时
[22:18:38][nioEventLoopGroup-5-1] - receive pact, content is ReqHeartBeatPacket
[22:18:48][nioEventLoopGroup-5-1] - 客户端读超时
[22:18:48][nioEventLoopGroup-5-1] - receive pact, content is ReqHeartBeatPacket
[22:18:58][nioEventLoopGroup-5-1] - 客户端读超时
[22:18:58][nioEventLoopGroup-5-1] - receive pact, content is ReqHeartBeatPacket
[22:19:08][nioEventLoopGroup-5-1] - 客户端读超时
[22:19:08][nioEventLoopGroup-5-1] - receive pact, content is ReqHeartBeatPacket
[22:19:18][nioEventLoopGroup-5-1] - 客户端读超时
[22:19:18][nioEventLoopGroup-5-1] - receive pact, content is ReqHeartBeatPacket
[22:19:28][nioEventLoopGroup-5-1] - 客户端读超时
[22:19:28][nioEventLoopGroup-5-1] - receive pact, content is ReqHeartBeatPacket
[22:19:38][nioEventLoopGroup-5-1] - 客户端读超时
[22:19:38][nioEventLoopGroup-5-1] - receive pact, content is ReqHeartBeatPacket
[22:19:48][nioEventLoopGroup-5-1] - 客户端读超时
[22:19:48][nioEventLoopGroup-5-1] - receive pact, content is ReqHeartBeatPacket
[22:19:58][nioEventLoopGroup-5-1] - 客户端读超时
[22:19:58][nioEventLoopGroup-5-1] - receive pact, content is ReqHeartBeatPacket
[22:20:08][nioEventLoopGroup-5-1] - 客户端读超时
[22:20:08][nioEventLoopGroup-5-1] - receive pact, content is ReqHeartBeatPacket
[22:20:18][nioEventLoopGroup-5-1] - 客户端读超时
[22:20:18][nioEventLoopGroup-5-1] - receive pact, content is ReqHeartBeatPacket
[22:20:28][nioEventLoopGroup-5-1] - 客户端读超时
[22:20:28][nioEventLoopGroup-5-1] - receive pact, content is ReqHeartBeatPacket
[22:20:38][nioEventLoopGroup-5-1] - 客户端读超时
[22:20:38][nioEventLoopGroup-5-1] - receive pact, content is ReqHeartBeatPacket
[22:20:48][nioEventLoopGroup-5-1] - 客户端读超时
[22:20:48][nioEventLoopGroup-5-1] - receive pact, content is ReqHeartBeatPacket
[22:20:58][nioEventLoopGroup-5-1] - 客户端读超时
[22:20:58][nioEventLoopGroup-5-1] - receive pact, content is ReqHeartBeatPacket
[22:21:08][nioEventLoopGroup-5-1] - 客户端读超时
[22:21:08][nioEventLoopGroup-5-1] - receive pact, content is ReqHeartBeatPacket
[22:21:18][nioEventLoopGroup-5-1] - 客户端读超时
[22:21:18][nioEventLoopGroup-5-1] - receive pact, content is ReqHeartBeatPacket
[22:21:28][nioEventLoopGroup-5-1] - 客户端读超时
[22:21:28][nioEventLoopGroup-5-1] - receive pact, content is ReqHeartBeatPacket
[22:21:38][nioEventLoopGroup-5-1] - 业务逻辑出错
java.io.IOException: 远程主机强迫关闭了一个现有的连接。
	at sun.nio.ch.SocketDispatcher.read0(Native Method)
	at sun.nio.ch.SocketDispatcher.read(SocketDispatcher.java:43)
	at sun.nio.ch.IOUtil.readIntoNativeBuffer(IOUtil.java:223)
	at sun.nio.ch.IOUtil.read(IOUtil.java:192)
	at sun.nio.ch.SocketChannelImpl.read(SocketChannelImpl.java:380)
	at io.netty.buffer.UnpooledUnsafeDirectByteBuf.setBytes(UnpooledUnsafeDirectByteBuf.java:446)
	at io.netty.buffer.AbstractByteBuf.writeBytes(AbstractByteBuf.java:871)
	at io.netty.channel.socket.nio.NioSocketChannel.doReadBytes(NioSocketChannel.java:208)
	at io.netty.channel.nio.AbstractNioByteChannel$NioByteUnsafe.read(AbstractNioByteChannel.java:119)
	at io.netty.channel.nio.NioEventLoop.processSelectedKey(NioEventLoop.java:485)
	at io.netty.channel.nio.NioEventLoop.processSelectedKeysOptimized(NioEventLoop.java:452)
	at io.netty.channel.nio.NioEventLoop.run(NioEventLoop.java:346)
	at io.netty.util.concurrent.SingleThreadEventExecutor$5.run(SingleThreadEventExecutor.java:794)
	at java.lang.Thread.run(Thread.java:745)
[22:21:38][nioEventLoopGroup-5-1] - simpleclient/127.0.0.1:8087异常
[22:21:38][nioEventLoopGroup-5-1] - 业务逻辑出错
io.netty.handler.codec.DecoderException: java.lang.NullPointerException
	at io.netty.handler.codec.ByteToMessageDecoder.channelInactive(ByteToMessageDecoder.java:199)
	at io.netty.channel.ChannelHandlerInvokerUtil.invokeChannelInactiveNow(ChannelHandlerInvokerUtil.java:46)
	at io.netty.channel.DefaultChannelHandlerInvoker.invokeChannelInactive(DefaultChannelHandlerInvoker.java:77)
	at io.netty.channel.DefaultChannelHandlerContext.fireChannelInactive(DefaultChannelHandlerContext.java:299)
	at io.netty.channel.DefaultChannelPipeline.fireChannelInactive(DefaultChannelPipeline.java:827)
	at io.netty.channel.AbstractChannel$AbstractUnsafe$5.run(AbstractChannel.java:544)
	at io.netty.util.concurrent.SingleThreadEventExecutor.runAllTasks(SingleThreadEventExecutor.java:318)
	at io.netty.channel.nio.NioEventLoop.run(NioEventLoop.java:353)
	at io.netty.util.concurrent.SingleThreadEventExecutor$5.run(SingleThreadEventExecutor.java:794)
	at java.lang.Thread.run(Thread.java:745)
Caused by: java.lang.NullPointerException
	at com.kingston.net.codec.PacketDecoder.decode(PacketDecoder.java:25)
	at io.netty.handler.codec.LengthFieldBasedFrameDecoder.decode(LengthFieldBasedFrameDecoder.java:343)
	at io.netty.handler.codec.ByteToMessageDecoder.decodeLast(ByteToMessageDecoder.java:283)
	at io.netty.handler.codec.ByteToMessageDecoder.channelInactive(ByteToMessageDecoder.java:194)
	... 9 more
[22:21:55][nioEventLoopGroup-5-2] - receive pact, content is ReqUserRegisterPacket
[22:22:05][nioEventLoopGroup-5-2] - 客户端读超时
[22:22:05][nioEventLoopGroup-5-2] - receive pact, content is ReqHeartBeatPacket
[22:22:15][nioEventLoopGroup-5-2] - 客户端读超时
[22:22:15][nioEventLoopGroup-5-2] - receive pact, content is ReqHeartBeatPacket
[22:22:25][nioEventLoopGroup-5-2] - 客户端读超时
[22:22:25][nioEventLoopGroup-5-2] - receive pact, content is ReqHeartBeatPacket
[22:22:35][nioEventLoopGroup-5-2] - 客户端读超时
[22:22:35][nioEventLoopGroup-5-2] - receive pact, content is ReqHeartBeatPacket
[22:22:45][nioEventLoopGroup-5-2] - 客户端读超时
[22:22:45][nioEventLoopGroup-5-2] - receive pact, content is ReqHeartBeatPacket
[22:22:55][nioEventLoopGroup-5-2] - 客户端读超时
[22:22:55][nioEventLoopGroup-5-2] - receive pact, content is ReqHeartBeatPacket
[22:23:02][nioEventLoopGroup-5-2] - 业务逻辑出错
java.io.IOException: 远程主机强迫关闭了一个现有的连接。
	at sun.nio.ch.SocketDispatcher.read0(Native Method)
	at sun.nio.ch.SocketDispatcher.read(SocketDispatcher.java:43)
	at sun.nio.ch.IOUtil.readIntoNativeBuffer(IOUtil.java:223)
	at sun.nio.ch.IOUtil.read(IOUtil.java:192)
	at sun.nio.ch.SocketChannelImpl.read(SocketChannelImpl.java:380)
	at io.netty.buffer.UnpooledUnsafeDirectByteBuf.setBytes(UnpooledUnsafeDirectByteBuf.java:446)
	at io.netty.buffer.AbstractByteBuf.writeBytes(AbstractByteBuf.java:871)
	at io.netty.channel.socket.nio.NioSocketChannel.doReadBytes(NioSocketChannel.java:208)
	at io.netty.channel.nio.AbstractNioByteChannel$NioByteUnsafe.read(AbstractNioByteChannel.java:119)
	at io.netty.channel.nio.NioEventLoop.processSelectedKey(NioEventLoop.java:485)
	at io.netty.channel.nio.NioEventLoop.processSelectedKeysOptimized(NioEventLoop.java:452)
	at io.netty.channel.nio.NioEventLoop.run(NioEventLoop.java:346)
	at io.netty.util.concurrent.SingleThreadEventExecutor$5.run(SingleThreadEventExecutor.java:794)
	at java.lang.Thread.run(Thread.java:745)
[22:23:02][nioEventLoopGroup-5-2] - simpleclient/127.0.0.1:8087异常
[22:23:02][nioEventLoopGroup-5-2] - 业务逻辑出错
io.netty.handler.codec.DecoderException: java.lang.NullPointerException
	at io.netty.handler.codec.ByteToMessageDecoder.channelInactive(ByteToMessageDecoder.java:199)
	at io.netty.channel.ChannelHandlerInvokerUtil.invokeChannelInactiveNow(ChannelHandlerInvokerUtil.java:46)
	at io.netty.channel.DefaultChannelHandlerInvoker.invokeChannelInactive(DefaultChannelHandlerInvoker.java:77)
	at io.netty.channel.DefaultChannelHandlerContext.fireChannelInactive(DefaultChannelHandlerContext.java:299)
	at io.netty.channel.DefaultChannelPipeline.fireChannelInactive(DefaultChannelPipeline.java:827)
	at io.netty.channel.AbstractChannel$AbstractUnsafe$5.run(AbstractChannel.java:544)
	at io.netty.util.concurrent.SingleThreadEventExecutor.runAllTasks(SingleThreadEventExecutor.java:318)
	at io.netty.channel.nio.NioEventLoop.run(NioEventLoop.java:353)
	at io.netty.util.concurrent.SingleThreadEventExecutor$5.run(SingleThreadEventExecutor.java:794)
	at java.lang.Thread.run(Thread.java:745)
Caused by: java.lang.NullPointerException
	at com.kingston.net.codec.PacketDecoder.decode(PacketDecoder.java:25)
	at io.netty.handler.codec.LengthFieldBasedFrameDecoder.decode(LengthFieldBasedFrameDecoder.java:343)
	at io.netty.handler.codec.ByteToMessageDecoder.decodeLast(ByteToMessageDecoder.java:283)
	at io.netty.handler.codec.ByteToMessageDecoder.channelInactive(ByteToMessageDecoder.java:194)
	... 9 more
[22:23:09][main] - Refreshing org.springframework.context.support.FileSystemXmlApplicationContext@3f102e87: startup date [Sat Aug 12 22:23:09 CST 2017]; root of context hierarchy
[22:23:09][main] - Loading XML bean definitions from file [E:\workspace\chat_room\chat_server\config\applicationContext.xml]
[22:23:10][main] - Loaded JDBC driver: com.mysql.jdbc.Driver
[22:23:10][main] - 加载groovy脚本的目录为:E:\workspace\chat_room\chat_server\groovy
[22:23:10][main] - 开始加载groovy脚本
[22:23:10][main] - 注册groovy bean [groovy\com\kingston\logic\chat\ChatInspector.java] 
[22:23:12][main] - http server start at [10086]
[22:23:14][main] - 服务端已启动，正在监听用户的请求......
[22:23:20][nioEventLoopGroup-5-1] - receive pact, content is ReqUserRegisterPacket
[22:23:30][nioEventLoopGroup-5-1] - 客户端读超时
[22:23:30][nioEventLoopGroup-5-1] - receive pact, content is ReqHeartBeatPacket
[22:23:40][nioEventLoopGroup-5-1] - 客户端读超时
[22:23:40][nioEventLoopGroup-5-1] - receive pact, content is ReqHeartBeatPacket
[22:23:50][nioEventLoopGroup-5-1] - 客户端读超时
[22:23:50][nioEventLoopGroup-5-1] - receive pact, content is ReqHeartBeatPacket
[22:24:00][nioEventLoopGroup-5-1] - 客户端读超时
[22:24:00][nioEventLoopGroup-5-1] - receive pact, content is ReqHeartBeatPacket
[22:24:10][nioEventLoopGroup-5-1] - 客户端读超时
[22:24:10][nioEventLoopGroup-5-1] - receive pact, content is ReqHeartBeatPacket
[22:24:20][nioEventLoopGroup-5-1] - 客户端读超时
[22:24:20][nioEventLoopGroup-5-1] - receive pact, content is ReqHeartBeatPacket
[22:24:30][nioEventLoopGroup-5-1] - 客户端读超时
[22:24:30][nioEventLoopGroup-5-1] - receive pact, content is ReqHeartBeatPacket
[22:24:40][nioEventLoopGroup-5-1] - 客户端读超时
[22:24:40][nioEventLoopGroup-5-1] - receive pact, content is ReqHeartBeatPacket
[22:24:50][nioEventLoopGroup-5-1] - 客户端读超时
[22:24:50][nioEventLoopGroup-5-1] - receive pact, content is ReqHeartBeatPacket
[22:25:00][nioEventLoopGroup-5-1] - 客户端读超时
[22:25:00][nioEventLoopGroup-5-1] - receive pact, content is ReqHeartBeatPacket
[22:25:10][nioEventLoopGroup-5-1] - 客户端读超时
[22:25:10][nioEventLoopGroup-5-1] - receive pact, content is ReqHeartBeatPacket
[22:25:20][nioEventLoopGroup-5-1] - 客户端读超时
[22:25:20][nioEventLoopGroup-5-1] - receive pact, content is ReqHeartBeatPacket
[22:25:30][nioEventLoopGroup-5-1] - 客户端读超时
[22:25:30][nioEventLoopGroup-5-1] - receive pact, content is ReqHeartBeatPacket
[22:25:40][nioEventLoopGroup-5-1] - 客户端读超时
[22:25:40][nioEventLoopGroup-5-1] - receive pact, content is ReqHeartBeatPacket
[22:25:50][nioEventLoopGroup-5-1] - 客户端读超时
[22:25:50][nioEventLoopGroup-5-1] - receive pact, content is ReqHeartBeatPacket
[22:26:00][nioEventLoopGroup-5-1] - 客户端读超时
[22:26:01][nioEventLoopGroup-5-1] - receive pact, content is ReqHeartBeatPacket
[22:26:11][nioEventLoopGroup-5-1] - 客户端读超时
[22:26:11][nioEventLoopGroup-5-1] - receive pact, content is ReqHeartBeatPacket
[22:26:21][nioEventLoopGroup-5-1] - 客户端读超时
[22:26:21][nioEventLoopGroup-5-1] - receive pact, content is ReqHeartBeatPacket
[22:26:31][nioEventLoopGroup-5-1] - 客户端读超时
[22:26:31][nioEventLoopGroup-5-1] - receive pact, content is ReqHeartBeatPacket
[22:26:41][nioEventLoopGroup-5-1] - 客户端读超时
[22:26:41][nioEventLoopGroup-5-1] - receive pact, content is ReqHeartBeatPacket
[22:26:51][nioEventLoopGroup-5-1] - 客户端读超时
[22:26:51][nioEventLoopGroup-5-1] - receive pact, content is ReqHeartBeatPacket
[22:27:29][main] - Refreshing org.springframework.context.support.FileSystemXmlApplicationContext@3f102e87: startup date [Sat Aug 12 22:27:29 CST 2017]; root of context hierarchy
[22:27:29][main] - Loading XML bean definitions from file [E:\workspace\chat_room\chat_server\config\applicationContext.xml]
[22:27:30][main] - Loaded JDBC driver: com.mysql.jdbc.Driver
[22:27:30][main] - 加载groovy脚本的目录为:E:\workspace\chat_room\chat_server\groovy
[22:27:30][main] - 开始加载groovy脚本
[22:27:30][main] - 注册groovy bean [groovy\com\kingston\logic\chat\ChatInspector.java] 
[22:27:32][main] - http server start at [10086]
[22:27:34][main] - 服务端已启动，正在监听用户的请求......
[22:27:42][nioEventLoopGroup-5-1] - receive pact, content is ReqUserRegisterPacket
[22:27:52][nioEventLoopGroup-5-1] - 客户端读超时
[22:27:52][nioEventLoopGroup-5-1] - receive pact, content is ReqHeartBeatPacket
[22:28:02][nioEventLoopGroup-5-1] - 客户端读超时
[22:28:02][nioEventLoopGroup-5-1] - receive pact, content is ReqHeartBeatPacket
[22:28:12][nioEventLoopGroup-5-1] - 客户端读超时
[22:28:12][nioEventLoopGroup-5-1] - receive pact, content is ReqHeartBeatPacket
[22:28:22][nioEventLoopGroup-5-1] - 客户端读超时
[22:28:22][nioEventLoopGroup-5-1] - receive pact, content is ReqHeartBeatPacket
[22:28:32][nioEventLoopGroup-5-1] - 客户端读超时
[22:28:32][nioEventLoopGroup-5-1] - receive pact, content is ReqHeartBeatPacket
[22:28:42][nioEventLoopGroup-5-1] - 客户端读超时
[22:28:42][nioEventLoopGroup-5-1] - receive pact, content is ReqHeartBeatPacket
[22:28:52][nioEventLoopGroup-5-1] - 客户端读超时
[22:28:52][nioEventLoopGroup-5-1] - receive pact, content is ReqHeartBeatPacket
[22:29:02][nioEventLoopGroup-5-1] - 客户端读超时
[22:29:02][nioEventLoopGroup-5-1] - receive pact, content is ReqHeartBeatPacket
[22:29:12][nioEventLoopGroup-5-1] - 客户端读超时
[22:29:12][nioEventLoopGroup-5-1] - receive pact, content is ReqHeartBeatPacket
[22:29:22][nioEventLoopGroup-5-1] - 客户端读超时
[22:29:22][nioEventLoopGroup-5-1] - receive pact, content is ReqHeartBeatPacket
[22:29:32][nioEventLoopGroup-5-1] - 客户端读超时
[22:29:32][nioEventLoopGroup-5-1] - receive pact, content is ReqHeartBeatPacket
[22:29:42][nioEventLoopGroup-5-1] - 客户端读超时
[22:29:42][nioEventLoopGroup-5-1] - receive pact, content is ReqHeartBeatPacket
[22:29:52][nioEventLoopGroup-5-1] - 客户端读超时
[22:29:52][nioEventLoopGroup-5-1] - receive pact, content is ReqHeartBeatPacket
[22:30:02][nioEventLoopGroup-5-1] - 客户端读超时
[22:30:02][nioEventLoopGroup-5-1] - receive pact, content is ReqHeartBeatPacket
[22:30:12][nioEventLoopGroup-5-1] - 客户端读超时
[22:30:12][nioEventLoopGroup-5-1] - receive pact, content is ReqHeartBeatPacket
[22:30:22][nioEventLoopGroup-5-1] - 客户端读超时
[22:30:22][nioEventLoopGroup-5-1] - receive pact, content is ReqHeartBeatPacket
[22:30:32][nioEventLoopGroup-5-1] - 客户端读超时
[22:30:32][nioEventLoopGroup-5-1] - receive pact, content is ReqHeartBeatPacket
[22:30:42][nioEventLoopGroup-5-1] - 客户端读超时
[22:30:42][nioEventLoopGroup-5-1] - receive pact, content is ReqHeartBeatPacket
[22:30:52][nioEventLoopGroup-5-1] - 客户端读超时
[22:30:52][nioEventLoopGroup-5-1] - receive pact, content is ReqHeartBeatPacket
[22:31:02][nioEventLoopGroup-5-1] - 客户端读超时
[22:31:02][nioEventLoopGroup-5-1] - receive pact, content is ReqHeartBeatPacket
[22:31:12][nioEventLoopGroup-5-1] - 客户端读超时
[22:31:12][nioEventLoopGroup-5-1] - receive pact, content is ReqHeartBeatPacket
[22:31:22][nioEventLoopGroup-5-1] - 客户端读超时
[22:31:22][nioEventLoopGroup-5-1] - receive pact, content is ReqHeartBeatPacket
[22:31:32][nioEventLoopGroup-5-1] - 客户端读超时
[22:31:32][nioEventLoopGroup-5-1] - receive pact, content is ReqHeartBeatPacket
[22:31:51][main] - Refreshing org.springframework.context.support.FileSystemXmlApplicationContext@3f102e87: startup date [Sat Aug 12 22:31:51 CST 2017]; root of context hierarchy
[22:31:51][main] - Loading XML bean definitions from file [E:\workspace\chat_room\chat_server\config\applicationContext.xml]
[22:31:52][main] - Loaded JDBC driver: com.mysql.jdbc.Driver
[22:31:52][main] - 加载groovy脚本的目录为:E:\workspace\chat_room\chat_server\groovy
[22:31:52][main] - 开始加载groovy脚本
[22:31:52][main] - 注册groovy bean [groovy\com\kingston\logic\chat\ChatInspector.java] 
[22:31:54][main] - http server start at [10086]
[22:31:56][main] - 服务端已启动，正在监听用户的请求......
[22:32:21][nioEventLoopGroup-5-1] - receive pact, content is ReqUserRegisterPacket
[22:32:31][nioEventLoopGroup-5-1] - 客户端读超时
[22:32:31][nioEventLoopGroup-5-1] - receive pact, content is ReqHeartBeatPacket
[22:32:41][nioEventLoopGroup-5-1] - 客户端读超时
[22:32:41][nioEventLoopGroup-5-1] - receive pact, content is ReqHeartBeatPacket
[22:32:51][nioEventLoopGroup-5-1] - 客户端读超时
[22:32:51][nioEventLoopGroup-5-1] - receive pact, content is ReqHeartBeatPacket
[22:33:03][main] - Refreshing org.springframework.context.support.FileSystemXmlApplicationContext@3f102e87: startup date [Sat Aug 12 22:33:03 CST 2017]; root of context hierarchy
[22:33:03][main] - Loading XML bean definitions from file [E:\workspace\chat_room\chat_server\config\applicationContext.xml]
[22:33:04][main] - Loaded JDBC driver: com.mysql.jdbc.Driver
[22:33:04][main] - 加载groovy脚本的目录为:E:\workspace\chat_room\chat_server\groovy
[22:33:04][main] - 开始加载groovy脚本
[22:33:04][main] - 注册groovy bean [groovy\com\kingston\logic\chat\ChatInspector.java] 
[22:33:05][main] - http server start at [10086]
[22:33:08][main] - 服务端已启动，正在监听用户的请求......
[22:33:15][nioEventLoopGroup-5-1] - receive pact, content is ReqUserRegisterPacket
[22:33:25][nioEventLoopGroup-5-1] - 客户端读超时
[22:33:25][nioEventLoopGroup-5-1] - receive pact, content is ReqHeartBeatPacket
[22:33:35][nioEventLoopGroup-5-1] - 客户端读超时
[22:33:35][nioEventLoopGroup-5-1] - receive pact, content is ReqHeartBeatPacket
[22:33:45][nioEventLoopGroup-5-1] - 客户端读超时
[22:33:45][nioEventLoopGroup-5-1] - receive pact, content is ReqHeartBeatPacket
[22:33:55][nioEventLoopGroup-5-1] - 客户端读超时
[22:33:55][nioEventLoopGroup-5-1] - receive pact, content is ReqHeartBeatPacket
[22:34:05][nioEventLoopGroup-5-1] - 客户端读超时
[22:34:05][nioEventLoopGroup-5-1] - receive pact, content is ReqHeartBeatPacket
[22:34:15][nioEventLoopGroup-5-1] - 客户端读超时
[22:34:15][nioEventLoopGroup-5-1] - receive pact, content is ReqHeartBeatPacket
[22:34:25][nioEventLoopGroup-5-1] - 客户端读超时
[22:34:25][nioEventLoopGroup-5-1] - receive pact, content is ReqHeartBeatPacket
[22:34:35][nioEventLoopGroup-5-1] - 客户端读超时
[22:34:35][nioEventLoopGroup-5-1] - receive pact, content is ReqHeartBeatPacket
[22:34:45][nioEventLoopGroup-5-1] - 客户端读超时
[22:34:45][nioEventLoopGroup-5-1] - receive pact, content is ReqHeartBeatPacket
[22:34:55][nioEventLoopGroup-5-1] - 客户端读超时
[22:34:55][nioEventLoopGroup-5-1] - receive pact, content is ReqHeartBeatPacket
[22:35:05][nioEventLoopGroup-5-1] - 客户端读超时
[22:35:05][nioEventLoopGroup-5-1] - receive pact, content is ReqHeartBeatPacket
[22:35:15][nioEventLoopGroup-5-1] - 客户端读超时
[22:35:15][nioEventLoopGroup-5-1] - receive pact, content is ReqHeartBeatPacket
[22:35:25][nioEventLoopGroup-5-1] - 客户端读超时
[22:35:25][nioEventLoopGroup-5-1] - receive pact, content is ReqHeartBeatPacket
[22:35:35][nioEventLoopGroup-5-1] - 客户端读超时
[22:35:35][nioEventLoopGroup-5-1] - receive pact, content is ReqHeartBeatPacket
[22:35:45][nioEventLoopGroup-5-1] - 客户端读超时
[22:35:45][nioEventLoopGroup-5-1] - receive pact, content is ReqHeartBeatPacket
[22:35:55][nioEventLoopGroup-5-1] - 客户端读超时
[22:35:55][nioEventLoopGroup-5-1] - receive pact, content is ReqHeartBeatPacket
[22:36:05][nioEventLoopGroup-5-1] - 客户端读超时
[22:36:05][nioEventLoopGroup-5-1] - receive pact, content is ReqHeartBeatPacket
[22:36:15][nioEventLoopGroup-5-1] - 客户端读超时
[22:36:15][nioEventLoopGroup-5-1] - receive pact, content is ReqHeartBeatPacket
[22:36:25][nioEventLoopGroup-5-1] - 客户端读超时
[22:36:25][nioEventLoopGroup-5-1] - receive pact, content is ReqHeartBeatPacket
[22:36:35][nioEventLoopGroup-5-1] - 客户端读超时
[22:36:35][nioEventLoopGroup-5-1] - receive pact, content is ReqHeartBeatPacket
[22:36:45][nioEventLoopGroup-5-1] - 客户端读超时
[22:36:45][nioEventLoopGroup-5-1] - receive pact, content is ReqHeartBeatPacket
[22:36:55][nioEventLoopGroup-5-1] - 客户端读超时
[22:36:55][nioEventLoopGroup-5-1] - receive pact, content is ReqHeartBeatPacket
[22:37:05][nioEventLoopGroup-5-1] - 客户端读超时
[22:37:05][nioEventLoopGroup-5-1] - receive pact, content is ReqHeartBeatPacket
[22:37:15][nioEventLoopGroup-5-1] - 客户端读超时
[22:37:15][nioEventLoopGroup-5-1] - receive pact, content is ReqHeartBeatPacket
[22:37:25][nioEventLoopGroup-5-1] - 客户端读超时
[22:37:25][nioEventLoopGroup-5-1] - receive pact, content is ReqHeartBeatPacket
[22:37:35][nioEventLoopGroup-5-1] - 客户端读超时
[22:37:35][nioEventLoopGroup-5-1] - receive pact, content is ReqHeartBeatPacket
[22:37:45][nioEventLoopGroup-5-1] - 客户端读超时
[22:37:45][nioEventLoopGroup-5-1] - receive pact, content is ReqHeartBeatPacket
[22:37:55][nioEventLoopGroup-5-1] - 客户端读超时
[22:37:55][nioEventLoopGroup-5-1] - receive pact, content is ReqHeartBeatPacket
[22:38:05][nioEventLoopGroup-5-1] - 客户端读超时
[22:38:05][nioEventLoopGroup-5-1] - receive pact, content is ReqHeartBeatPacket
[22:38:15][nioEventLoopGroup-5-1] - 客户端读超时
[22:38:15][nioEventLoopGroup-5-1] - receive pact, content is ReqHeartBeatPacket
[22:38:25][nioEventLoopGroup-5-1] - 客户端读超时
[22:38:25][nioEventLoopGroup-5-1] - receive pact, content is ReqHeartBeatPacket
[22:38:35][nioEventLoopGroup-5-1] - 客户端读超时
[22:38:35][nioEventLoopGroup-5-1] - receive pact, content is ReqHeartBeatPacket
[22:38:45][nioEventLoopGroup-5-1] - 客户端读超时
[22:38:45][nioEventLoopGroup-5-1] - receive pact, content is ReqHeartBeatPacket
[22:38:55][nioEventLoopGroup-5-1] - 客户端读超时
[22:38:55][nioEventLoopGroup-5-1] - receive pact, content is ReqHeartBeatPacket
[22:39:05][nioEventLoopGroup-5-1] - 客户端读超时
[22:39:05][nioEventLoopGroup-5-1] - receive pact, content is ReqHeartBeatPacket
[22:39:15][nioEventLoopGroup-5-1] - 客户端读超时
[22:39:15][nioEventLoopGroup-5-1] - receive pact, content is ReqHeartBeatPacket
[22:39:25][nioEventLoopGroup-5-1] - 客户端读超时
[22:39:25][nioEventLoopGroup-5-1] - receive pact, content is ReqHeartBeatPacket
[22:39:35][nioEventLoopGroup-5-1] - 客户端读超时
[22:39:35][nioEventLoopGroup-5-1] - receive pact, content is ReqHeartBeatPacket
[22:39:45][nioEventLoopGroup-5-1] - 客户端读超时
[22:39:45][nioEventLoopGroup-5-1] - receive pact, content is ReqHeartBeatPacket
[22:39:55][nioEventLoopGroup-5-1] - 客户端读超时
[22:39:55][nioEventLoopGroup-5-1] - receive pact, content is ReqHeartBeatPacket
[22:40:05][nioEventLoopGroup-5-1] - 客户端读超时
[22:40:05][nioEventLoopGroup-5-1] - receive pact, content is ReqHeartBeatPacket
[22:40:15][nioEventLoopGroup-5-1] - 客户端读超时
[22:40:15][nioEventLoopGroup-5-1] - receive pact, content is ReqHeartBeatPacket
[22:40:25][nioEventLoopGroup-5-1] - 客户端读超时
[22:40:25][nioEventLoopGroup-5-1] - receive pact, content is ReqHeartBeatPacket
[22:40:35][nioEventLoopGroup-5-1] - 客户端读超时
[22:40:35][nioEventLoopGroup-5-1] - receive pact, content is ReqHeartBeatPacket
[22:40:45][nioEventLoopGroup-5-1] - 客户端读超时
[22:40:45][nioEventLoopGroup-5-1] - receive pact, content is ReqHeartBeatPacket
[22:40:55][nioEventLoopGroup-5-1] - 客户端读超时
[22:40:55][nioEventLoopGroup-5-1] - receive pact, content is ReqHeartBeatPacket
[22:41:05][nioEventLoopGroup-5-1] - 客户端读超时
[22:41:05][nioEventLoopGroup-5-1] - receive pact, content is ReqHeartBeatPacket
[22:41:15][nioEventLoopGroup-5-1] - 客户端读超时
[22:41:15][nioEventLoopGroup-5-1] - receive pact, content is ReqHeartBeatPacket
[22:41:25][nioEventLoopGroup-5-1] - 客户端读超时
[22:41:25][nioEventLoopGroup-5-1] - receive pact, content is ReqHeartBeatPacket
[22:41:35][nioEventLoopGroup-5-1] - 客户端读超时
[22:41:35][nioEventLoopGroup-5-1] - receive pact, content is ReqHeartBeatPacket
[22:41:45][nioEventLoopGroup-5-1] - 客户端读超时
[22:41:45][nioEventLoopGroup-5-1] - receive pact, content is ReqHeartBeatPacket
[22:41:55][nioEventLoopGroup-5-1] - 客户端读超时
[22:41:55][nioEventLoopGroup-5-1] - receive pact, content is ReqHeartBeatPacket
[22:42:05][nioEventLoopGroup-5-1] - 客户端读超时
[22:42:05][nioEventLoopGroup-5-1] - receive pact, content is ReqHeartBeatPacket
[22:42:15][nioEventLoopGroup-5-1] - 客户端读超时
[22:42:15][nioEventLoopGroup-5-1] - receive pact, content is ReqHeartBeatPacket
[22:42:25][nioEventLoopGroup-5-1] - 客户端读超时
[22:42:25][nioEventLoopGroup-5-1] - receive pact, content is ReqHeartBeatPacket
[22:42:35][nioEventLoopGroup-5-1] - 客户端读超时
[22:42:35][nioEventLoopGroup-5-1] - receive pact, content is ReqHeartBeatPacket
[22:42:45][nioEventLoopGroup-5-1] - 客户端读超时
[22:42:45][nioEventLoopGroup-5-1] - receive pact, content is ReqHeartBeatPacket
[22:42:55][nioEventLoopGroup-5-1] - 客户端读超时
[22:42:55][nioEventLoopGroup-5-1] - receive pact, content is ReqHeartBeatPacket
[22:43:05][nioEventLoopGroup-5-1] - 客户端读超时
[22:43:05][nioEventLoopGroup-5-1] - receive pact, content is ReqHeartBeatPacket
[22:43:15][nioEventLoopGroup-5-1] - 客户端读超时
[22:43:15][nioEventLoopGroup-5-1] - receive pact, content is ReqHeartBeatPacket
[22:43:25][nioEventLoopGroup-5-1] - 客户端读超时
[22:43:25][nioEventLoopGroup-5-1] - receive pact, content is ReqHeartBeatPacket
[22:43:35][nioEventLoopGroup-5-1] - 客户端读超时
[22:43:35][nioEventLoopGroup-5-1] - receive pact, content is ReqHeartBeatPacket
[22:43:45][nioEventLoopGroup-5-1] - 客户端读超时
[22:43:45][nioEventLoopGroup-5-1] - receive pact, content is ReqHeartBeatPacket
[22:43:55][nioEventLoopGroup-5-1] - 客户端读超时
[22:43:55][nioEventLoopGroup-5-1] - receive pact, content is ReqHeartBeatPacket
[22:44:05][nioEventLoopGroup-5-1] - 客户端读超时
[22:44:05][nioEventLoopGroup-5-1] - receive pact, content is ReqHeartBeatPacket
[22:44:15][nioEventLoopGroup-5-1] - 客户端读超时
[22:44:15][nioEventLoopGroup-5-1] - receive pact, content is ReqHeartBeatPacket
[22:44:25][nioEventLoopGroup-5-1] - 客户端读超时
[22:44:25][nioEventLoopGroup-5-1] - receive pact, content is ReqHeartBeatPacket
[22:44:35][nioEventLoopGroup-5-1] - 客户端读超时
[22:44:35][nioEventLoopGroup-5-1] - receive pact, content is ReqHeartBeatPacket
[22:44:45][nioEventLoopGroup-5-1] - 客户端读超时
[22:44:45][nioEventLoopGroup-5-1] - receive pact, content is ReqHeartBeatPacket
[22:44:55][nioEventLoopGroup-5-1] - 客户端读超时
[22:44:55][nioEventLoopGroup-5-1] - receive pact, content is ReqHeartBeatPacket
[22:45:05][nioEventLoopGroup-5-1] - 客户端读超时
[22:45:05][nioEventLoopGroup-5-1] - receive pact, content is ReqHeartBeatPacket
[22:45:15][nioEventLoopGroup-5-1] - 客户端读超时
[22:45:15][nioEventLoopGroup-5-1] - receive pact, content is ReqHeartBeatPacket
[22:45:25][nioEventLoopGroup-5-1] - 客户端读超时
[22:45:25][nioEventLoopGroup-5-1] - receive pact, content is ReqHeartBeatPacket
[22:45:29][nioEventLoopGroup-5-1] - 业务逻辑出错
java.io.IOException: 远程主机强迫关闭了一个现有的连接。
	at sun.nio.ch.SocketDispatcher.read0(Native Method)
	at sun.nio.ch.SocketDispatcher.read(SocketDispatcher.java:43)
	at sun.nio.ch.IOUtil.readIntoNativeBuffer(IOUtil.java:223)
	at sun.nio.ch.IOUtil.read(IOUtil.java:192)
	at sun.nio.ch.SocketChannelImpl.read(SocketChannelImpl.java:380)
	at io.netty.buffer.UnpooledUnsafeDirectByteBuf.setBytes(UnpooledUnsafeDirectByteBuf.java:446)
	at io.netty.buffer.AbstractByteBuf.writeBytes(AbstractByteBuf.java:871)
	at io.netty.channel.socket.nio.NioSocketChannel.doReadBytes(NioSocketChannel.java:208)
	at io.netty.channel.nio.AbstractNioByteChannel$NioByteUnsafe.read(AbstractNioByteChannel.java:119)
	at io.netty.channel.nio.NioEventLoop.processSelectedKey(NioEventLoop.java:485)
	at io.netty.channel.nio.NioEventLoop.processSelectedKeysOptimized(NioEventLoop.java:452)
	at io.netty.channel.nio.NioEventLoop.run(NioEventLoop.java:346)
	at io.netty.util.concurrent.SingleThreadEventExecutor$5.run(SingleThreadEventExecutor.java:794)
	at java.lang.Thread.run(Thread.java:745)
[22:45:29][nioEventLoopGroup-5-1] - simpleclient/127.0.0.1:8087异常
[22:45:29][nioEventLoopGroup-5-1] - 业务逻辑出错
io.netty.handler.codec.DecoderException: java.lang.NullPointerException
	at io.netty.handler.codec.ByteToMessageDecoder.channelInactive(ByteToMessageDecoder.java:199)
	at io.netty.channel.ChannelHandlerInvokerUtil.invokeChannelInactiveNow(ChannelHandlerInvokerUtil.java:46)
	at io.netty.channel.DefaultChannelHandlerInvoker.invokeChannelInactive(DefaultChannelHandlerInvoker.java:77)
	at io.netty.channel.DefaultChannelHandlerContext.fireChannelInactive(DefaultChannelHandlerContext.java:299)
	at io.netty.channel.DefaultChannelPipeline.fireChannelInactive(DefaultChannelPipeline.java:827)
	at io.netty.channel.AbstractChannel$AbstractUnsafe$5.run(AbstractChannel.java:544)
	at io.netty.util.concurrent.SingleThreadEventExecutor.runAllTasks(SingleThreadEventExecutor.java:318)
	at io.netty.channel.nio.NioEventLoop.run(NioEventLoop.java:353)
	at io.netty.util.concurrent.SingleThreadEventExecutor$5.run(SingleThreadEventExecutor.java:794)
	at java.lang.Thread.run(Thread.java:745)
Caused by: java.lang.NullPointerException
	at com.kingston.net.codec.PacketDecoder.decode(PacketDecoder.java:25)
	at io.netty.handler.codec.LengthFieldBasedFrameDecoder.decode(LengthFieldBasedFrameDecoder.java:343)
	at io.netty.handler.codec.ByteToMessageDecoder.decodeLast(ByteToMessageDecoder.java:283)
	at io.netty.handler.codec.ByteToMessageDecoder.channelInactive(ByteToMessageDecoder.java:194)
	... 9 more
[22:45:37][main] - Refreshing org.springframework.context.support.FileSystemXmlApplicationContext@3f102e87: startup date [Sat Aug 12 22:45:37 CST 2017]; root of context hierarchy
[22:45:37][main] - Loading XML bean definitions from file [E:\workspace\chat_room\chat_server\config\applicationContext.xml]
[22:45:38][main] - Loaded JDBC driver: com.mysql.jdbc.Driver
[22:45:38][main] - 加载groovy脚本的目录为:E:\workspace\chat_room\chat_server\groovy
[22:45:38][main] - 开始加载groovy脚本
[22:45:38][main] - 注册groovy bean [groovy\com\kingston\logic\chat\ChatInspector.java] 
[22:45:40][main] - http server start at [10086]
[22:45:42][main] - 服务端已启动，正在监听用户的请求......
[22:45:59][nioEventLoopGroup-5-1] - 客户端读超时
[22:45:59][nioEventLoopGroup-5-1] - receive pact, content is ReqHeartBeatPacket
[22:46:09][nioEventLoopGroup-5-1] - 客户端读超时
[22:46:09][nioEventLoopGroup-5-1] - receive pact, content is ReqHeartBeatPacket
[22:46:19][nioEventLoopGroup-5-1] - 客户端读超时
[22:46:19][nioEventLoopGroup-5-1] - receive pact, content is ReqHeartBeatPacket
[22:46:29][nioEventLoopGroup-5-1] - 客户端读超时
[22:46:29][nioEventLoopGroup-5-1] - receive pact, content is ReqHeartBeatPacket
[22:46:45][main] - Refreshing org.springframework.context.support.FileSystemXmlApplicationContext@3f102e87: startup date [Sat Aug 12 22:46:45 CST 2017]; root of context hierarchy
[22:46:45][main] - Loading XML bean definitions from file [E:\workspace\chat_room\chat_server\config\applicationContext.xml]
[22:46:46][main] - Loaded JDBC driver: com.mysql.jdbc.Driver
[22:46:47][main] - 加载groovy脚本的目录为:E:\workspace\chat_room\chat_server\groovy
[22:46:47][main] - 开始加载groovy脚本
[22:46:47][main] - 注册groovy bean [groovy\com\kingston\logic\chat\ChatInspector.java] 
[22:46:48][main] - http server start at [10086]
[22:46:51][main] - 服务端已启动，正在监听用户的请求......
