[19:07:47][main] - Refreshing org.springframework.context.support.FileSystemXmlApplicationContext@3f102e87: startup date [Sat Aug 12 19:07:47 CST 2017]; root of context hierarchy
[19:07:47][main] - Loading XML bean definitions from file [E:\workspace\chat_room\chat_server\config\applicationContext.xml]
[19:07:48][main] - Loaded JDBC driver: com.mysql.jdbc.Driver
[19:07:48][main] - 加载groovy脚本的目录为:E:\workspace\chat_room\chat_server\groovy
[19:07:48][main] - 开始加载groovy脚本
[19:07:48][main] - 注册groovy bean [groovy\com\kingston\logic\chat\ChatInspector.java] 
[19:07:50][main] - http server start at [10086]
[19:07:53][main] - 服务端已启动，正在监听用户的请求......
[19:17:56][main] - Refreshing org.springframework.context.support.FileSystemXmlApplicationContext@3f102e87: startup date [Sat Aug 12 19:17:56 CST 2017]; root of context hierarchy
[19:17:56][main] - Loading XML bean definitions from file [E:\workspace\chat_room\chat_server\config\applicationContext.xml]
[19:17:57][main] - Loaded JDBC driver: com.mysql.jdbc.Driver
[19:17:57][main] - 加载groovy脚本的目录为:E:\workspace\chat_room\chat_server\groovy
[19:17:57][main] - 开始加载groovy脚本
[19:17:57][main] - 注册groovy bean [groovy\com\kingston\logic\chat\ChatInspector.java] 
[19:17:59][main] - http server start at [10086]
[19:19:04][main] - Refreshing org.springframework.context.support.FileSystemXmlApplicationContext@3f102e87: startup date [Sat Aug 12 19:19:04 CST 2017]; root of context hierarchy
[19:19:04][main] - Loading XML bean definitions from file [E:\workspace\chat_room\chat_server\config\applicationContext.xml]
[19:19:05][main] - Loaded JDBC driver: com.mysql.jdbc.Driver
[19:19:05][main] - 加载groovy脚本的目录为:E:\workspace\chat_room\chat_server\groovy
[19:19:05][main] - 开始加载groovy脚本
[19:19:05][main] - 注册groovy bean [groovy\com\kingston\logic\chat\ChatInspector.java] 
[19:19:07][main] - http server start at [10086]
[19:19:10][main] - 服务端已启动，正在监听用户的请求......
[19:19:27][nioEventLoopGroup-5-1] - 客户端读超时
[19:19:27][nioEventLoopGroup-5-1] - receive pact, content is ReqHeartBeatPacket
[19:19:37][nioEventLoopGroup-5-1] - 客户端读超时
[19:19:37][nioEventLoopGroup-5-1] - receive pact, content is ReqHeartBeatPacket
[19:19:47][nioEventLoopGroup-5-1] - 客户端读超时
[19:19:47][nioEventLoopGroup-5-1] - receive pact, content is ReqHeartBeatPacket
[19:19:57][nioEventLoopGroup-5-1] - 客户端读超时
[19:19:57][nioEventLoopGroup-5-1] - receive pact, content is ReqHeartBeatPacket
[19:20:07][nioEventLoopGroup-5-1] - 客户端读超时
[19:20:07][nioEventLoopGroup-5-1] - receive pact, content is ReqHeartBeatPacket
[19:20:17][nioEventLoopGroup-5-1] - 客户端读超时
[19:20:17][nioEventLoopGroup-5-1] - receive pact, content is ReqHeartBeatPacket
[19:20:27][nioEventLoopGroup-5-1] - 客户端读超时
[19:20:27][nioEventLoopGroup-5-1] - receive pact, content is ReqHeartBeatPacket
[19:20:37][nioEventLoopGroup-5-1] - 客户端读超时
[19:20:37][nioEventLoopGroup-5-1] - receive pact, content is ReqHeartBeatPacket
[19:20:47][nioEventLoopGroup-5-1] - 客户端读超时
[19:20:47][nioEventLoopGroup-5-1] - receive pact, content is ReqHeartBeatPacket
[19:20:57][nioEventLoopGroup-5-1] - 客户端读超时
[19:20:57][nioEventLoopGroup-5-1] - receive pact, content is ReqHeartBeatPacket
[19:21:07][nioEventLoopGroup-5-1] - 客户端读超时
[19:21:07][nioEventLoopGroup-5-1] - receive pact, content is ReqHeartBeatPacket
[19:21:17][nioEventLoopGroup-5-1] - 客户端读超时
[19:21:17][nioEventLoopGroup-5-1] - receive pact, content is ReqHeartBeatPacket
[19:21:27][nioEventLoopGroup-5-1] - 客户端读超时
[19:21:27][nioEventLoopGroup-5-1] - receive pact, content is ReqHeartBeatPacket
[19:21:37][nioEventLoopGroup-5-1] - 客户端读超时
[19:21:37][nioEventLoopGroup-5-1] - receive pact, content is ReqHeartBeatPacket
[19:21:47][nioEventLoopGroup-5-1] - 客户端读超时
[19:21:47][nioEventLoopGroup-5-1] - receive pact, content is ReqHeartBeatPacket
[19:21:57][nioEventLoopGroup-5-1] - 客户端读超时
[19:21:57][nioEventLoopGroup-5-1] - receive pact, content is ReqHeartBeatPacket
[19:22:07][nioEventLoopGroup-5-1] - 客户端读超时
[19:22:07][nioEventLoopGroup-5-1] - receive pact, content is ReqHeartBeatPacket
[19:22:17][nioEventLoopGroup-5-1] - 客户端读超时
[19:22:17][nioEventLoopGroup-5-1] - receive pact, content is ReqHeartBeatPacket
[19:22:27][nioEventLoopGroup-5-1] - 客户端读超时
[19:22:27][nioEventLoopGroup-5-1] - receive pact, content is ReqHeartBeatPacket
[19:22:30][nioEventLoopGroup-5-1] - 业务逻辑出错
java.io.IOException: 远程主机强迫关闭了一个现有的连接。
	at sun.nio.ch.SocketDispatcher.read0(Native Method)
	at sun.nio.ch.SocketDispatcher.read(SocketDispatcher.java:43)
	at sun.nio.ch.IOUtil.readIntoNativeBuffer(IOUtil.java:223)
	at sun.nio.ch.IOUtil.read(IOUtil.java:192)
	at sun.nio.ch.SocketChannelImpl.read(SocketChannelImpl.java:380)
	at io.netty.buffer.UnpooledUnsafeDirectByteBuf.setBytes(UnpooledUnsafeDirectByteBuf.java:446)
	at io.netty.buffer.AbstractByteBuf.writeBytes(AbstractByteBuf.java:871)
	at io.netty.channel.socket.nio.NioSocketChannel.doReadBytes(NioSocketChannel.java:208)
	at io.netty.channel.nio.AbstractNioByteChannel$NioByteUnsafe.read(AbstractNioByteChannel.java:119)
	at io.netty.channel.nio.NioEventLoop.processSelectedKey(NioEventLoop.java:485)
	at io.netty.channel.nio.NioEventLoop.processSelectedKeysOptimized(NioEventLoop.java:452)
	at io.netty.channel.nio.NioEventLoop.run(NioEventLoop.java:346)
	at io.netty.util.concurrent.SingleThreadEventExecutor$5.run(SingleThreadEventExecutor.java:794)
	at java.lang.Thread.run(Thread.java:745)
[19:22:30][nioEventLoopGroup-5-1] - simpleclient/127.0.0.1:8087异常
[19:22:30][nioEventLoopGroup-5-1] - 业务逻辑出错
io.netty.handler.codec.DecoderException: java.lang.NullPointerException
	at io.netty.handler.codec.ByteToMessageDecoder.channelInactive(ByteToMessageDecoder.java:199)
	at io.netty.channel.ChannelHandlerInvokerUtil.invokeChannelInactiveNow(ChannelHandlerInvokerUtil.java:46)
	at io.netty.channel.DefaultChannelHandlerInvoker.invokeChannelInactive(DefaultChannelHandlerInvoker.java:77)
	at io.netty.channel.DefaultChannelHandlerContext.fireChannelInactive(DefaultChannelHandlerContext.java:299)
	at io.netty.channel.DefaultChannelPipeline.fireChannelInactive(DefaultChannelPipeline.java:827)
	at io.netty.channel.AbstractChannel$AbstractUnsafe$5.run(AbstractChannel.java:544)
	at io.netty.util.concurrent.SingleThreadEventExecutor.runAllTasks(SingleThreadEventExecutor.java:318)
	at io.netty.channel.nio.NioEventLoop.run(NioEventLoop.java:353)
	at io.netty.util.concurrent.SingleThreadEventExecutor$5.run(SingleThreadEventExecutor.java:794)
	at java.lang.Thread.run(Thread.java:745)
Caused by: java.lang.NullPointerException
	at com.kingston.net.codec.PacketDecoder.decode(PacketDecoder.java:25)
	at io.netty.handler.codec.LengthFieldBasedFrameDecoder.decode(LengthFieldBasedFrameDecoder.java:343)
	at io.netty.handler.codec.ByteToMessageDecoder.decodeLast(ByteToMessageDecoder.java:283)
	at io.netty.handler.codec.ByteToMessageDecoder.channelInactive(ByteToMessageDecoder.java:194)
	... 9 more
[19:22:37][main] - Refreshing org.springframework.context.support.FileSystemXmlApplicationContext@3f102e87: startup date [Sat Aug 12 19:22:37 CST 2017]; root of context hierarchy
[19:22:37][main] - Loading XML bean definitions from file [E:\workspace\chat_room\chat_server\config\applicationContext.xml]
[19:22:38][main] - Loaded JDBC driver: com.mysql.jdbc.Driver
[19:22:39][main] - 加载groovy脚本的目录为:E:\workspace\chat_room\chat_server\groovy
[19:22:39][main] - 开始加载groovy脚本
[19:22:39][main] - 注册groovy bean [groovy\com\kingston\logic\chat\ChatInspector.java] 
[19:22:40][main] - http server start at [10086]
[19:22:43][main] - 服务端已启动，正在监听用户的请求......
[19:22:56][nioEventLoopGroup-5-1] - receive pact, content is ReqUserRegisterPacket
[19:23:06][nioEventLoopGroup-5-1] - 客户端读超时
[19:23:06][nioEventLoopGroup-5-1] - receive pact, content is ReqHeartBeatPacket
[19:24:20][main] - Refreshing org.springframework.context.support.FileSystemXmlApplicationContext@3f102e87: startup date [Sat Aug 12 19:24:20 CST 2017]; root of context hierarchy
[19:24:20][main] - Loading XML bean definitions from file [E:\workspace\chat_room\chat_server\config\applicationContext.xml]
[19:24:21][main] - Loaded JDBC driver: com.mysql.jdbc.Driver
[19:24:21][main] - 加载groovy脚本的目录为:E:\workspace\chat_room\chat_server\groovy
[19:24:21][main] - 开始加载groovy脚本
[19:24:21][main] - 注册groovy bean [groovy\com\kingston\logic\chat\ChatInspector.java] 
[19:24:23][main] - http server start at [10086]
[19:24:25][main] - 服务端已启动，正在监听用户的请求......
[19:24:47][nioEventLoopGroup-5-1] - receive pact, content is ReqUserRegisterPacket
[19:24:57][nioEventLoopGroup-5-1] - 客户端读超时
[19:24:57][nioEventLoopGroup-5-1] - receive pact, content is ReqHeartBeatPacket
[19:25:07][nioEventLoopGroup-5-1] - 客户端读超时
[19:25:07][nioEventLoopGroup-5-1] - receive pact, content is ReqHeartBeatPacket
[19:25:17][nioEventLoopGroup-5-1] - 客户端读超时
[19:25:17][nioEventLoopGroup-5-1] - receive pact, content is ReqHeartBeatPacket
[19:25:27][nioEventLoopGroup-5-1] - 客户端读超时
[19:25:27][nioEventLoopGroup-5-1] - receive pact, content is ReqHeartBeatPacket
[19:25:37][nioEventLoopGroup-5-1] - 客户端读超时
[19:25:37][nioEventLoopGroup-5-1] - receive pact, content is ReqHeartBeatPacket
[19:25:41][nioEventLoopGroup-5-1] - 业务逻辑出错
java.io.IOException: 远程主机强迫关闭了一个现有的连接。
	at sun.nio.ch.SocketDispatcher.read0(Native Method)
	at sun.nio.ch.SocketDispatcher.read(SocketDispatcher.java:43)
	at sun.nio.ch.IOUtil.readIntoNativeBuffer(IOUtil.java:223)
	at sun.nio.ch.IOUtil.read(IOUtil.java:192)
	at sun.nio.ch.SocketChannelImpl.read(SocketChannelImpl.java:380)
	at io.netty.buffer.UnpooledUnsafeDirectByteBuf.setBytes(UnpooledUnsafeDirectByteBuf.java:446)
	at io.netty.buffer.AbstractByteBuf.writeBytes(AbstractByteBuf.java:871)
	at io.netty.channel.socket.nio.NioSocketChannel.doReadBytes(NioSocketChannel.java:208)
	at io.netty.channel.nio.AbstractNioByteChannel$NioByteUnsafe.read(AbstractNioByteChannel.java:119)
	at io.netty.channel.nio.NioEventLoop.processSelectedKey(NioEventLoop.java:485)
	at io.netty.channel.nio.NioEventLoop.processSelectedKeysOptimized(NioEventLoop.java:452)
	at io.netty.channel.nio.NioEventLoop.run(NioEventLoop.java:346)
	at io.netty.util.concurrent.SingleThreadEventExecutor$5.run(SingleThreadEventExecutor.java:794)
	at java.lang.Thread.run(Thread.java:745)
[19:25:41][nioEventLoopGroup-5-1] - simpleclient/127.0.0.1:8087异常
[19:25:41][nioEventLoopGroup-5-1] - 业务逻辑出错
io.netty.handler.codec.DecoderException: java.lang.NullPointerException
	at io.netty.handler.codec.ByteToMessageDecoder.channelInactive(ByteToMessageDecoder.java:199)
	at io.netty.channel.ChannelHandlerInvokerUtil.invokeChannelInactiveNow(ChannelHandlerInvokerUtil.java:46)
	at io.netty.channel.DefaultChannelHandlerInvoker.invokeChannelInactive(DefaultChannelHandlerInvoker.java:77)
	at io.netty.channel.DefaultChannelHandlerContext.fireChannelInactive(DefaultChannelHandlerContext.java:299)
	at io.netty.channel.DefaultChannelPipeline.fireChannelInactive(DefaultChannelPipeline.java:827)
	at io.netty.channel.AbstractChannel$AbstractUnsafe$5.run(AbstractChannel.java:544)
	at io.netty.util.concurrent.SingleThreadEventExecutor.runAllTasks(SingleThreadEventExecutor.java:318)
	at io.netty.channel.nio.NioEventLoop.run(NioEventLoop.java:353)
	at io.netty.util.concurrent.SingleThreadEventExecutor$5.run(SingleThreadEventExecutor.java:794)
	at java.lang.Thread.run(Thread.java:745)
Caused by: java.lang.NullPointerException
	at com.kingston.net.codec.PacketDecoder.decode(PacketDecoder.java:25)
	at io.netty.handler.codec.LengthFieldBasedFrameDecoder.decode(LengthFieldBasedFrameDecoder.java:343)
	at io.netty.handler.codec.ByteToMessageDecoder.decodeLast(ByteToMessageDecoder.java:283)
	at io.netty.handler.codec.ByteToMessageDecoder.channelInactive(ByteToMessageDecoder.java:194)
	... 9 more
[19:25:50][nioEventLoopGroup-5-2] - receive pact, content is ReqUserRegisterPacket
[19:25:53][nioEventLoopGroup-5-2] - receive pact, content is ReqUserRegisterPacket
[19:25:57][nioEventLoopGroup-5-2] - receive pact, content is ReqUserRegisterPacket
[19:25:58][nioEventLoopGroup-5-2] - receive pact, content is ReqUserRegisterPacket
[19:25:58][nioEventLoopGroup-5-2] - receive pact, content is ReqUserRegisterPacket
[19:25:58][nioEventLoopGroup-5-2] - receive pact, content is ReqUserRegisterPacket
[19:26:08][nioEventLoopGroup-5-2] - 客户端读超时
[19:26:08][nioEventLoopGroup-5-2] - receive pact, content is ReqHeartBeatPacket
[19:26:13][nioEventLoopGroup-5-2] - 业务逻辑出错
java.io.IOException: 远程主机强迫关闭了一个现有的连接。
	at sun.nio.ch.SocketDispatcher.read0(Native Method)
	at sun.nio.ch.SocketDispatcher.read(SocketDispatcher.java:43)
	at sun.nio.ch.IOUtil.readIntoNativeBuffer(IOUtil.java:223)
	at sun.nio.ch.IOUtil.read(IOUtil.java:192)
	at sun.nio.ch.SocketChannelImpl.read(SocketChannelImpl.java:380)
	at io.netty.buffer.UnpooledUnsafeDirectByteBuf.setBytes(UnpooledUnsafeDirectByteBuf.java:446)
	at io.netty.buffer.AbstractByteBuf.writeBytes(AbstractByteBuf.java:871)
	at io.netty.channel.socket.nio.NioSocketChannel.doReadBytes(NioSocketChannel.java:208)
	at io.netty.channel.nio.AbstractNioByteChannel$NioByteUnsafe.read(AbstractNioByteChannel.java:119)
	at io.netty.channel.nio.NioEventLoop.processSelectedKey(NioEventLoop.java:485)
	at io.netty.channel.nio.NioEventLoop.processSelectedKeysOptimized(NioEventLoop.java:452)
	at io.netty.channel.nio.NioEventLoop.run(NioEventLoop.java:346)
	at io.netty.util.concurrent.SingleThreadEventExecutor$5.run(SingleThreadEventExecutor.java:794)
	at java.lang.Thread.run(Thread.java:745)
[19:26:13][nioEventLoopGroup-5-2] - simpleclient/127.0.0.1:8087异常
[19:26:13][nioEventLoopGroup-5-2] - 业务逻辑出错
io.netty.handler.codec.DecoderException: java.lang.NullPointerException
	at io.netty.handler.codec.ByteToMessageDecoder.channelInactive(ByteToMessageDecoder.java:199)
	at io.netty.channel.ChannelHandlerInvokerUtil.invokeChannelInactiveNow(ChannelHandlerInvokerUtil.java:46)
	at io.netty.channel.DefaultChannelHandlerInvoker.invokeChannelInactive(DefaultChannelHandlerInvoker.java:77)
	at io.netty.channel.DefaultChannelHandlerContext.fireChannelInactive(DefaultChannelHandlerContext.java:299)
	at io.netty.channel.DefaultChannelPipeline.fireChannelInactive(DefaultChannelPipeline.java:827)
	at io.netty.channel.AbstractChannel$AbstractUnsafe$5.run(AbstractChannel.java:544)
	at io.netty.util.concurrent.SingleThreadEventExecutor.runAllTasks(SingleThreadEventExecutor.java:318)
	at io.netty.channel.nio.NioEventLoop.run(NioEventLoop.java:353)
	at io.netty.util.concurrent.SingleThreadEventExecutor$5.run(SingleThreadEventExecutor.java:794)
	at java.lang.Thread.run(Thread.java:745)
Caused by: java.lang.NullPointerException
	at com.kingston.net.codec.PacketDecoder.decode(PacketDecoder.java:25)
	at io.netty.handler.codec.LengthFieldBasedFrameDecoder.decode(LengthFieldBasedFrameDecoder.java:343)
	at io.netty.handler.codec.ByteToMessageDecoder.decodeLast(ByteToMessageDecoder.java:283)
	at io.netty.handler.codec.ByteToMessageDecoder.channelInactive(ByteToMessageDecoder.java:194)
	... 9 more
[19:43:00][main] - Refreshing org.springframework.context.support.FileSystemXmlApplicationContext@3f102e87: startup date [Sat Aug 12 19:43:00 CST 2017]; root of context hierarchy
[19:43:00][main] - Loading XML bean definitions from file [E:\workspace\chat_room\chat_server\config\applicationContext.xml]
[19:43:01][main] - Loaded JDBC driver: com.mysql.jdbc.Driver
[19:43:01][main] - 加载groovy脚本的目录为:E:\workspace\chat_room\chat_server\groovy
[19:43:01][main] - 开始加载groovy脚本
[19:43:01][main] - 注册groovy bean [groovy\com\kingston\logic\chat\ChatInspector.java] 
[19:43:02][main] - http server start at [10086]
[19:43:05][main] - 服务端已启动，正在监听用户的请求......
[19:43:22][nioEventLoopGroup-5-1] - receive pact, content is ReqUserRegisterPacket
[19:43:23][nioEventLoopGroup-5-1] - receive pact, content is ReqUserRegisterPacket
[19:43:24][nioEventLoopGroup-5-1] - receive pact, content is ReqUserRegisterPacket
[19:43:24][nioEventLoopGroup-5-1] - receive pact, content is ReqUserRegisterPacket
[19:43:24][nioEventLoopGroup-5-1] - receive pact, content is ReqUserRegisterPacket
[19:43:25][nioEventLoopGroup-5-1] - receive pact, content is ReqUserRegisterPacket
[19:43:25][nioEventLoopGroup-5-1] - receive pact, content is ReqUserRegisterPacket
[19:43:35][nioEventLoopGroup-5-1] - 客户端读超时
[19:43:35][nioEventLoopGroup-5-1] - receive pact, content is ReqHeartBeatPacket
[19:43:45][nioEventLoopGroup-5-1] - 客户端读超时
[19:43:45][nioEventLoopGroup-5-1] - receive pact, content is ReqHeartBeatPacket
[19:44:05][main] - Refreshing org.springframework.context.support.FileSystemXmlApplicationContext@103f852: startup date [Sat Aug 12 19:44:05 CST 2017]; root of context hierarchy
[19:44:05][main] - Loading XML bean definitions from file [E:\workspace\chat_room\chat_server\config\applicationContext.xml]
[19:44:06][main] - Loaded JDBC driver: com.mysql.jdbc.Driver
[19:44:06][main] - 加载groovy脚本的目录为:E:\workspace\chat_room\chat_server\groovy
[19:44:06][main] - 开始加载groovy脚本
[19:44:06][main] - 注册groovy bean [groovy\com\kingston\logic\chat\ChatInspector.java] 
[19:44:08][main] - http server start at [10086]
[19:44:10][main] - 服务端已启动，正在监听用户的请求......
[19:44:40][nioEventLoopGroup-5-1] - receive pact, content is ReqUserRegisterPacket
[19:44:50][nioEventLoopGroup-5-1] - 客户端读超时
[19:44:50][nioEventLoopGroup-5-1] - receive pact, content is ReqHeartBeatPacket
[19:44:53][nioEventLoopGroup-5-1] - receive pact, content is ReqUserRegisterPacket
[19:45:27][main] - Refreshing org.springframework.context.support.FileSystemXmlApplicationContext@3f102e87: startup date [Sat Aug 12 19:45:27 CST 2017]; root of context hierarchy
[19:45:27][main] - Loading XML bean definitions from file [E:\workspace\chat_room\chat_server\config\applicationContext.xml]
[19:45:27][main] - Loaded JDBC driver: com.mysql.jdbc.Driver
[19:45:28][main] - 加载groovy脚本的目录为:E:\workspace\chat_room\chat_server\groovy
[19:45:28][main] - 开始加载groovy脚本
[19:45:28][main] - 注册groovy bean [groovy\com\kingston\logic\chat\ChatInspector.java] 
[19:45:29][main] - http server start at [10086]
[19:45:31][main] - 服务端已启动，正在监听用户的请求......
[19:45:42][nioEventLoopGroup-5-1] - receive pact, content is ReqUserRegisterPacket
[19:45:44][nioEventLoopGroup-5-1] - receive pact, content is ReqUserRegisterPacket
[19:45:45][nioEventLoopGroup-5-1] - receive pact, content is ReqUserRegisterPacket
[19:45:45][nioEventLoopGroup-5-1] - receive pact, content is ReqUserRegisterPacket
[19:45:45][nioEventLoopGroup-5-1] - receive pact, content is ReqUserRegisterPacket
[19:45:45][nioEventLoopGroup-5-1] - receive pact, content is ReqUserRegisterPacket
[19:45:46][nioEventLoopGroup-5-1] - receive pact, content is ReqUserRegisterPacket
[19:45:47][nioEventLoopGroup-5-1] - receive pact, content is ReqUserRegisterPacket
[19:45:47][nioEventLoopGroup-5-1] - receive pact, content is ReqUserRegisterPacket
[19:45:48][nioEventLoopGroup-5-1] - receive pact, content is ReqUserRegisterPacket
[19:45:58][nioEventLoopGroup-5-1] - 客户端读超时
[19:45:58][nioEventLoopGroup-5-1] - receive pact, content is ReqHeartBeatPacket
[19:55:34][main] - Refreshing org.springframework.context.support.FileSystemXmlApplicationContext@103f852: startup date [Sat Aug 12 19:55:34 CST 2017]; root of context hierarchy
[19:55:35][main] - Loading XML bean definitions from file [E:\workspace\chat_room\chat_server\config\applicationContext.xml]
[19:55:35][main] - Loaded JDBC driver: com.mysql.jdbc.Driver
[19:55:36][main] - 加载groovy脚本的目录为:E:\workspace\chat_room\chat_server\groovy
[19:55:36][main] - 开始加载groovy脚本
[19:55:36][main] - 注册groovy bean [groovy\com\kingston\logic\chat\ChatInspector.java] 
[19:55:38][main] - http server start at [10086]
[19:55:40][main] - 服务端已启动，正在监听用户的请求......
[19:55:51][nioEventLoopGroup-5-1] - receive pact, content is ReqUserRegisterPacket
[19:56:01][nioEventLoopGroup-5-1] - 客户端读超时
[19:56:01][nioEventLoopGroup-5-1] - receive pact, content is ReqHeartBeatPacket
[19:56:09][nioEventLoopGroup-5-1] - receive pact, content is ReqUserRegisterPacket
[19:57:17][nioEventLoopGroup-5-1] - 客户端读超时
[19:57:17][nioEventLoopGroup-5-1] - receive pact, content is ReqHeartBeatPacket
[19:57:20][nioEventLoopGroup-5-1] - receive pact, content is ReqUserRegisterPacket
[19:57:26][nioEventLoopGroup-5-1] - receive pact, content is ReqUserRegisterPacket
[19:57:26][nioEventLoopGroup-5-1] - receive pact, content is ReqUserRegisterPacket
[19:57:36][nioEventLoopGroup-5-1] - 客户端读超时
[19:57:36][nioEventLoopGroup-5-1] - receive pact, content is ReqHeartBeatPacket
[19:57:46][nioEventLoopGroup-5-1] - 客户端读超时
[19:57:46][nioEventLoopGroup-5-1] - receive pact, content is ReqHeartBeatPacket
[19:57:56][nioEventLoopGroup-5-1] - 客户端读超时
[19:57:56][nioEventLoopGroup-5-1] - receive pact, content is ReqHeartBeatPacket
[19:58:06][nioEventLoopGroup-5-1] - 客户端读超时
[19:58:06][nioEventLoopGroup-5-1] - receive pact, content is ReqHeartBeatPacket
[19:58:16][nioEventLoopGroup-5-1] - 客户端读超时
[19:58:16][nioEventLoopGroup-5-1] - receive pact, content is ReqHeartBeatPacket
[19:58:26][nioEventLoopGroup-5-1] - 客户端读超时
[19:58:26][nioEventLoopGroup-5-1] - receive pact, content is ReqHeartBeatPacket
[19:58:36][nioEventLoopGroup-5-1] - 客户端读超时
[19:58:36][nioEventLoopGroup-5-1] - receive pact, content is ReqHeartBeatPacket
[19:58:46][nioEventLoopGroup-5-1] - 客户端读超时
[19:58:46][nioEventLoopGroup-5-1] - receive pact, content is ReqHeartBeatPacket
[19:58:56][nioEventLoopGroup-5-1] - 客户端读超时
[19:58:56][nioEventLoopGroup-5-1] - receive pact, content is ReqHeartBeatPacket
[19:59:06][nioEventLoopGroup-5-1] - 客户端读超时
[19:59:06][nioEventLoopGroup-5-1] - receive pact, content is ReqHeartBeatPacket
[19:59:16][nioEventLoopGroup-5-1] - 客户端读超时
[19:59:16][nioEventLoopGroup-5-1] - receive pact, content is ReqHeartBeatPacket
[19:59:26][nioEventLoopGroup-5-1] - 客户端读超时
[19:59:26][nioEventLoopGroup-5-1] - receive pact, content is ReqHeartBeatPacket
[19:59:36][nioEventLoopGroup-5-1] - 客户端读超时
[19:59:36][nioEventLoopGroup-5-1] - receive pact, content is ReqHeartBeatPacket
[19:59:46][nioEventLoopGroup-5-1] - 客户端读超时
[19:59:46][nioEventLoopGroup-5-1] - receive pact, content is ReqHeartBeatPacket
[19:59:56][nioEventLoopGroup-5-1] - 客户端读超时
[19:59:56][nioEventLoopGroup-5-1] - receive pact, content is ReqHeartBeatPacket
