[23:26:28][main] - Refreshing org.springframework.context.support.FileSystemXmlApplicationContext@3f102e87: startup date [Sat Aug 12 23:26:28 CST 2017]; root of context hierarchy
[23:26:28][main] - Loading XML bean definitions from file [E:\workspace\chat_room\chat_server\config\applicationContext.xml]
[23:26:29][main] - Loaded JDBC driver: com.mysql.jdbc.Driver
[23:26:29][main] - 加载groovy脚本的目录为:E:\workspace\chat_room\chat_server\groovy
[23:26:29][main] - 开始加载groovy脚本
[23:26:29][main] - 注册groovy bean [groovy\com\kingston\logic\chat\ChatInspector.java] 
[23:26:30][main] - http server start at [10086]
[23:26:33][main] - 服务端已启动，正在监听用户的请求......
[23:26:51][nioEventLoopGroup-5-1] - 客户端读超时
[23:26:51][nioEventLoopGroup-5-1] - receive pact, content is ReqHeartBeatPacket
[23:27:01][nioEventLoopGroup-5-1] - 客户端读超时
[23:27:01][nioEventLoopGroup-5-1] - receive pact, content is ReqHeartBeatPacket
[23:27:05][nioEventLoopGroup-5-1] - receive pact, content is ReqUserRegisterPacket
[23:27:15][nioEventLoopGroup-5-1] - 客户端读超时
[23:27:15][nioEventLoopGroup-5-1] - receive pact, content is ReqHeartBeatPacket
[23:27:25][nioEventLoopGroup-5-1] - 客户端读超时
[23:27:25][nioEventLoopGroup-5-1] - receive pact, content is ReqHeartBeatPacket
[23:27:35][nioEventLoopGroup-5-1] - 客户端读超时
[23:27:35][nioEventLoopGroup-5-1] - receive pact, content is ReqHeartBeatPacket
[23:27:45][nioEventLoopGroup-5-1] - 客户端读超时
[23:27:45][nioEventLoopGroup-5-1] - receive pact, content is ReqHeartBeatPacket
[23:29:53][main] - Refreshing org.springframework.context.support.FileSystemXmlApplicationContext@3f102e87: startup date [Sat Aug 12 23:29:53 CST 2017]; root of context hierarchy
[23:29:53][main] - Loading XML bean definitions from file [E:\workspace\chat_room\chat_server\config\applicationContext.xml]
[23:29:53][main] - Loaded JDBC driver: com.mysql.jdbc.Driver
[23:29:54][main] - 加载groovy脚本的目录为:E:\workspace\chat_room\chat_server\groovy
[23:29:54][main] - 开始加载groovy脚本
[23:29:54][main] - 注册groovy bean [groovy\com\kingston\logic\chat\ChatInspector.java] 
[23:29:55][main] - http server start at [10086]
[23:29:57][main] - 服务端已启动，正在监听用户的请求......
[23:30:12][nioEventLoopGroup-5-1] - 客户端读超时
[23:30:12][nioEventLoopGroup-5-1] - receive pact, content is ReqHeartBeatPacket
[23:30:16][nioEventLoopGroup-5-1] - receive pact, content is ReqUserRegisterPacket
[23:30:26][nioEventLoopGroup-5-1] - 客户端读超时
[23:30:26][nioEventLoopGroup-5-1] - receive pact, content is ReqHeartBeatPacket
[23:30:35][nioEventLoopGroup-5-1] - receive pact, content is ReqUserLoginPacket
[23:30:35][nioEventLoopGroup-5-1] - [123460] registered...
[23:30:45][nioEventLoopGroup-5-1] - 客户端读超时
[23:30:45][nioEventLoopGroup-5-1] - receive pact, content is ReqHeartBeatPacket
[23:30:55][nioEventLoopGroup-5-1] - 客户端读超时
[23:30:55][nioEventLoopGroup-5-1] - receive pact, content is ReqHeartBeatPacket
[23:31:05][nioEventLoopGroup-5-1] - 客户端读超时
[23:31:05][nioEventLoopGroup-5-1] - receive pact, content is ReqHeartBeatPacket
[23:31:15][nioEventLoopGroup-5-1] - 客户端读超时
[23:31:15][nioEventLoopGroup-5-1] - receive pact, content is ReqHeartBeatPacket
[23:31:25][nioEventLoopGroup-5-1] - 客户端读超时
[23:31:25][nioEventLoopGroup-5-1] - receive pact, content is ReqHeartBeatPacket
[23:31:35][nioEventLoopGroup-5-1] - 客户端读超时
[23:31:35][nioEventLoopGroup-5-1] - receive pact, content is ReqHeartBeatPacket
[23:31:45][nioEventLoopGroup-5-1] - 客户端读超时
[23:31:45][nioEventLoopGroup-5-1] - receive pact, content is ReqHeartBeatPacket
[23:31:55][nioEventLoopGroup-5-1] - 客户端读超时
[23:31:55][nioEventLoopGroup-5-1] - receive pact, content is ReqHeartBeatPacket
[23:32:05][nioEventLoopGroup-5-1] - 客户端读超时
[23:32:05][nioEventLoopGroup-5-1] - receive pact, content is ReqHeartBeatPacket
[23:32:15][nioEventLoopGroup-5-1] - 客户端读超时
[23:32:15][nioEventLoopGroup-5-1] - receive pact, content is ReqHeartBeatPacket
[23:32:25][nioEventLoopGroup-5-1] - 客户端读超时
[23:32:25][nioEventLoopGroup-5-1] - receive pact, content is ReqHeartBeatPacket
[23:32:35][nioEventLoopGroup-5-1] - 客户端读超时
[23:32:35][nioEventLoopGroup-5-1] - receive pact, content is ReqHeartBeatPacket
[23:32:45][nioEventLoopGroup-5-1] - 客户端读超时
[23:32:45][nioEventLoopGroup-5-1] - receive pact, content is ReqHeartBeatPacket
[23:32:55][nioEventLoopGroup-5-1] - 客户端读超时
[23:32:55][nioEventLoopGroup-5-1] - receive pact, content is ReqHeartBeatPacket
[23:33:05][nioEventLoopGroup-5-1] - 客户端读超时
[23:33:05][nioEventLoopGroup-5-1] - receive pact, content is ReqHeartBeatPacket
[23:33:15][nioEventLoopGroup-5-1] - 客户端读超时
[23:33:15][nioEventLoopGroup-5-1] - receive pact, content is ReqHeartBeatPacket
[23:33:25][nioEventLoopGroup-5-1] - 客户端读超时
[23:33:25][nioEventLoopGroup-5-1] - receive pact, content is ReqHeartBeatPacket
[23:33:35][nioEventLoopGroup-5-1] - 客户端读超时
[23:33:35][nioEventLoopGroup-5-1] - receive pact, content is ReqHeartBeatPacket
[23:33:45][nioEventLoopGroup-5-1] - 客户端读超时
[23:33:45][nioEventLoopGroup-5-1] - receive pact, content is ReqHeartBeatPacket
[23:33:55][nioEventLoopGroup-5-1] - 客户端读超时
[23:33:55][nioEventLoopGroup-5-1] - receive pact, content is ReqHeartBeatPacket
[23:34:05][nioEventLoopGroup-5-1] - 客户端读超时
[23:34:05][nioEventLoopGroup-5-1] - receive pact, content is ReqHeartBeatPacket
[23:34:15][nioEventLoopGroup-5-1] - 客户端读超时
[23:34:15][nioEventLoopGroup-5-1] - receive pact, content is ReqHeartBeatPacket
[23:34:25][nioEventLoopGroup-5-1] - 客户端读超时
[23:34:25][nioEventLoopGroup-5-1] - receive pact, content is ReqHeartBeatPacket
[23:34:35][nioEventLoopGroup-5-1] - 客户端读超时
[23:34:35][nioEventLoopGroup-5-1] - receive pact, content is ReqHeartBeatPacket
[23:34:45][nioEventLoopGroup-5-1] - 客户端读超时
[23:34:45][nioEventLoopGroup-5-1] - receive pact, content is ReqHeartBeatPacket
[23:34:55][nioEventLoopGroup-5-1] - 客户端读超时
[23:34:55][nioEventLoopGroup-5-1] - receive pact, content is ReqHeartBeatPacket
[23:35:05][nioEventLoopGroup-5-1] - 客户端读超时
[23:35:05][nioEventLoopGroup-5-1] - receive pact, content is ReqHeartBeatPacket
[23:35:15][nioEventLoopGroup-5-1] - 客户端读超时
[23:35:15][nioEventLoopGroup-5-1] - receive pact, content is ReqHeartBeatPacket
[23:35:25][nioEventLoopGroup-5-1] - 客户端读超时
[23:35:25][nioEventLoopGroup-5-1] - receive pact, content is ReqHeartBeatPacket
[23:35:35][nioEventLoopGroup-5-1] - 客户端读超时
[23:35:35][nioEventLoopGroup-5-1] - receive pact, content is ReqHeartBeatPacket
[23:35:45][nioEventLoopGroup-5-1] - 客户端读超时
[23:35:45][nioEventLoopGroup-5-1] - receive pact, content is ReqHeartBeatPacket
[23:35:55][nioEventLoopGroup-5-1] - 客户端读超时
[23:35:55][nioEventLoopGroup-5-1] - receive pact, content is ReqHeartBeatPacket
[23:36:05][nioEventLoopGroup-5-1] - 客户端读超时
[23:36:05][nioEventLoopGroup-5-1] - receive pact, content is ReqHeartBeatPacket
[23:36:15][nioEventLoopGroup-5-1] - 客户端读超时
[23:36:15][nioEventLoopGroup-5-1] - receive pact, content is ReqHeartBeatPacket
[23:36:25][nioEventLoopGroup-5-1] - 客户端读超时
[23:36:25][nioEventLoopGroup-5-1] - receive pact, content is ReqHeartBeatPacket
[23:36:35][nioEventLoopGroup-5-1] - 客户端读超时
[23:36:35][nioEventLoopGroup-5-1] - receive pact, content is ReqHeartBeatPacket
[23:36:45][nioEventLoopGroup-5-1] - 客户端读超时
[23:36:45][nioEventLoopGroup-5-1] - receive pact, content is ReqHeartBeatPacket
[23:36:55][nioEventLoopGroup-5-1] - 客户端读超时
[23:36:55][nioEventLoopGroup-5-1] - receive pact, content is ReqHeartBeatPacket
[23:37:05][nioEventLoopGroup-5-1] - 客户端读超时
[23:37:05][nioEventLoopGroup-5-1] - receive pact, content is ReqHeartBeatPacket
[23:37:15][nioEventLoopGroup-5-1] - 客户端读超时
[23:37:15][nioEventLoopGroup-5-1] - receive pact, content is ReqHeartBeatPacket
[23:37:25][nioEventLoopGroup-5-1] - 客户端读超时
[23:37:25][nioEventLoopGroup-5-1] - receive pact, content is ReqHeartBeatPacket
[23:37:35][nioEventLoopGroup-5-1] - 客户端读超时
[23:37:35][nioEventLoopGroup-5-1] - receive pact, content is ReqHeartBeatPacket
[23:37:45][nioEventLoopGroup-5-1] - 客户端读超时
[23:37:45][nioEventLoopGroup-5-1] - receive pact, content is ReqHeartBeatPacket
[23:37:55][nioEventLoopGroup-5-1] - 客户端读超时
[23:37:55][nioEventLoopGroup-5-1] - receive pact, content is ReqHeartBeatPacket
[23:38:05][nioEventLoopGroup-5-1] - 客户端读超时
[23:38:05][nioEventLoopGroup-5-1] - receive pact, content is ReqHeartBeatPacket
[23:38:15][nioEventLoopGroup-5-1] - 客户端读超时
[23:38:15][nioEventLoopGroup-5-1] - receive pact, content is ReqHeartBeatPacket
[23:38:25][nioEventLoopGroup-5-1] - 客户端读超时
[23:38:25][nioEventLoopGroup-5-1] - receive pact, content is ReqHeartBeatPacket
[23:38:35][nioEventLoopGroup-5-1] - 客户端读超时
[23:38:35][nioEventLoopGroup-5-1] - receive pact, content is ReqHeartBeatPacket
[23:38:45][nioEventLoopGroup-5-1] - 客户端读超时
[23:38:45][nioEventLoopGroup-5-1] - receive pact, content is ReqHeartBeatPacket
[23:38:55][nioEventLoopGroup-5-1] - 客户端读超时
[23:38:55][nioEventLoopGroup-5-1] - receive pact, content is ReqHeartBeatPacket
[23:39:05][nioEventLoopGroup-5-1] - 客户端读超时
[23:39:05][nioEventLoopGroup-5-1] - receive pact, content is ReqHeartBeatPacket
[23:39:15][nioEventLoopGroup-5-1] - 客户端读超时
[23:39:15][nioEventLoopGroup-5-1] - receive pact, content is ReqHeartBeatPacket
[23:39:25][nioEventLoopGroup-5-1] - 客户端读超时
[23:39:25][nioEventLoopGroup-5-1] - receive pact, content is ReqHeartBeatPacket
[23:39:35][nioEventLoopGroup-5-1] - 客户端读超时
[23:39:35][nioEventLoopGroup-5-1] - receive pact, content is ReqHeartBeatPacket
[23:39:45][nioEventLoopGroup-5-1] - 客户端读超时
[23:39:45][nioEventLoopGroup-5-1] - receive pact, content is ReqHeartBeatPacket
[23:39:55][nioEventLoopGroup-5-1] - 客户端读超时
[23:39:55][nioEventLoopGroup-5-1] - receive pact, content is ReqHeartBeatPacket
[23:40:05][nioEventLoopGroup-5-1] - 客户端读超时
[23:40:05][nioEventLoopGroup-5-1] - receive pact, content is ReqHeartBeatPacket
[23:40:15][nioEventLoopGroup-5-1] - 客户端读超时
[23:40:15][nioEventLoopGroup-5-1] - receive pact, content is ReqHeartBeatPacket
[23:40:25][nioEventLoopGroup-5-1] - 客户端读超时
[23:40:25][nioEventLoopGroup-5-1] - receive pact, content is ReqHeartBeatPacket
[23:40:35][nioEventLoopGroup-5-1] - 客户端读超时
[23:40:35][nioEventLoopGroup-5-1] - receive pact, content is ReqHeartBeatPacket
[23:40:45][nioEventLoopGroup-5-1] - 客户端读超时
[23:40:45][nioEventLoopGroup-5-1] - receive pact, content is ReqHeartBeatPacket
[23:40:55][nioEventLoopGroup-5-1] - 客户端读超时
[23:40:55][nioEventLoopGroup-5-1] - receive pact, content is ReqHeartBeatPacket
[23:41:05][nioEventLoopGroup-5-1] - 客户端读超时
[23:41:05][nioEventLoopGroup-5-1] - receive pact, content is ReqHeartBeatPacket
[23:41:15][nioEventLoopGroup-5-1] - 客户端读超时
[23:41:15][nioEventLoopGroup-5-1] - receive pact, content is ReqHeartBeatPacket
[23:41:25][nioEventLoopGroup-5-1] - 客户端读超时
[23:41:25][nioEventLoopGroup-5-1] - receive pact, content is ReqHeartBeatPacket
[23:41:35][nioEventLoopGroup-5-1] - 客户端读超时
[23:41:35][nioEventLoopGroup-5-1] - receive pact, content is ReqHeartBeatPacket
[23:41:46][nioEventLoopGroup-5-1] - 客户端读超时
[23:41:46][nioEventLoopGroup-5-1] - receive pact, content is ReqHeartBeatPacket
[23:41:56][nioEventLoopGroup-5-1] - 客户端读超时
[23:41:56][nioEventLoopGroup-5-1] - receive pact, content is ReqHeartBeatPacket
[23:42:06][nioEventLoopGroup-5-1] - 客户端读超时
[23:42:06][nioEventLoopGroup-5-1] - receive pact, content is ReqHeartBeatPacket
[23:42:16][nioEventLoopGroup-5-1] - 客户端读超时
[23:42:16][nioEventLoopGroup-5-1] - receive pact, content is ReqHeartBeatPacket
[23:42:26][nioEventLoopGroup-5-1] - 客户端读超时
[23:42:26][nioEventLoopGroup-5-1] - receive pact, content is ReqHeartBeatPacket
[23:42:36][nioEventLoopGroup-5-1] - 客户端读超时
[23:42:36][nioEventLoopGroup-5-1] - receive pact, content is ReqHeartBeatPacket
[23:42:46][nioEventLoopGroup-5-1] - 客户端读超时
[23:42:46][nioEventLoopGroup-5-1] - receive pact, content is ReqHeartBeatPacket
[23:42:56][nioEventLoopGroup-5-1] - 客户端读超时
[23:42:56][nioEventLoopGroup-5-1] - receive pact, content is ReqHeartBeatPacket
[23:43:06][nioEventLoopGroup-5-1] - 客户端读超时
[23:43:06][nioEventLoopGroup-5-1] - receive pact, content is ReqHeartBeatPacket
[23:43:16][nioEventLoopGroup-5-1] - 客户端读超时
[23:43:16][nioEventLoopGroup-5-1] - receive pact, content is ReqHeartBeatPacket
[23:43:26][nioEventLoopGroup-5-1] - 客户端读超时
[23:43:26][nioEventLoopGroup-5-1] - receive pact, content is ReqHeartBeatPacket
[23:43:36][nioEventLoopGroup-5-1] - 客户端读超时
[23:43:36][nioEventLoopGroup-5-1] - receive pact, content is ReqHeartBeatPacket
[23:43:46][nioEventLoopGroup-5-1] - 客户端读超时
[23:43:46][nioEventLoopGroup-5-1] - receive pact, content is ReqHeartBeatPacket
[23:43:56][nioEventLoopGroup-5-1] - 客户端读超时
[23:43:56][nioEventLoopGroup-5-1] - receive pact, content is ReqHeartBeatPacket
[23:44:06][nioEventLoopGroup-5-1] - 客户端读超时
[23:44:06][nioEventLoopGroup-5-1] - receive pact, content is ReqHeartBeatPacket
[23:44:16][nioEventLoopGroup-5-1] - 客户端读超时
[23:44:16][nioEventLoopGroup-5-1] - receive pact, content is ReqHeartBeatPacket
[23:44:26][nioEventLoopGroup-5-1] - 客户端读超时
[23:44:26][nioEventLoopGroup-5-1] - receive pact, content is ReqHeartBeatPacket
[23:44:36][nioEventLoopGroup-5-1] - 客户端读超时
[23:44:36][nioEventLoopGroup-5-1] - receive pact, content is ReqHeartBeatPacket
[23:44:46][nioEventLoopGroup-5-1] - 客户端读超时
[23:44:46][nioEventLoopGroup-5-1] - receive pact, content is ReqHeartBeatPacket
[23:44:56][nioEventLoopGroup-5-1] - 客户端读超时
[23:44:56][nioEventLoopGroup-5-1] - receive pact, content is ReqHeartBeatPacket
[23:45:06][nioEventLoopGroup-5-1] - 客户端读超时
[23:45:06][nioEventLoopGroup-5-1] - receive pact, content is ReqHeartBeatPacket
[23:45:16][nioEventLoopGroup-5-1] - 客户端读超时
[23:45:16][nioEventLoopGroup-5-1] - receive pact, content is ReqHeartBeatPacket
[23:45:26][nioEventLoopGroup-5-1] - 客户端读超时
[23:45:26][nioEventLoopGroup-5-1] - receive pact, content is ReqHeartBeatPacket
[23:45:36][nioEventLoopGroup-5-1] - 客户端读超时
[23:45:36][nioEventLoopGroup-5-1] - receive pact, content is ReqHeartBeatPacket
[23:45:46][nioEventLoopGroup-5-1] - 客户端读超时
[23:45:46][nioEventLoopGroup-5-1] - receive pact, content is ReqHeartBeatPacket
[23:45:56][nioEventLoopGroup-5-1] - 客户端读超时
[23:45:56][nioEventLoopGroup-5-1] - receive pact, content is ReqHeartBeatPacket
[23:46:06][nioEventLoopGroup-5-1] - 客户端读超时
[23:46:06][nioEventLoopGroup-5-1] - receive pact, content is ReqHeartBeatPacket
[23:46:16][nioEventLoopGroup-5-1] - 客户端读超时
[23:46:16][nioEventLoopGroup-5-1] - receive pact, content is ReqHeartBeatPacket
[23:46:26][nioEventLoopGroup-5-1] - 客户端读超时
[23:46:26][nioEventLoopGroup-5-1] - receive pact, content is ReqHeartBeatPacket
[23:46:36][nioEventLoopGroup-5-1] - 客户端读超时
[23:46:36][nioEventLoopGroup-5-1] - receive pact, content is ReqHeartBeatPacket
[23:46:46][nioEventLoopGroup-5-1] - 客户端读超时
[23:46:46][nioEventLoopGroup-5-1] - receive pact, content is ReqHeartBeatPacket
[23:46:56][nioEventLoopGroup-5-1] - 客户端读超时
[23:46:56][nioEventLoopGroup-5-1] - receive pact, content is ReqHeartBeatPacket
[23:47:06][nioEventLoopGroup-5-1] - 客户端读超时
[23:47:06][nioEventLoopGroup-5-1] - receive pact, content is ReqHeartBeatPacket
[23:47:16][nioEventLoopGroup-5-1] - 客户端读超时
[23:47:16][nioEventLoopGroup-5-1] - receive pact, content is ReqHeartBeatPacket
[23:47:26][nioEventLoopGroup-5-1] - 客户端读超时
[23:47:26][nioEventLoopGroup-5-1] - receive pact, content is ReqHeartBeatPacket
[23:47:36][nioEventLoopGroup-5-1] - 客户端读超时
[23:47:36][nioEventLoopGroup-5-1] - receive pact, content is ReqHeartBeatPacket
[23:47:46][nioEventLoopGroup-5-1] - 客户端读超时
[23:47:46][nioEventLoopGroup-5-1] - receive pact, content is ReqHeartBeatPacket
[23:47:56][nioEventLoopGroup-5-1] - 客户端读超时
[23:47:56][nioEventLoopGroup-5-1] - receive pact, content is ReqHeartBeatPacket
[23:48:06][nioEventLoopGroup-5-1] - 客户端读超时
[23:48:06][nioEventLoopGroup-5-1] - receive pact, content is ReqHeartBeatPacket
[23:48:16][nioEventLoopGroup-5-1] - 客户端读超时
[23:48:16][nioEventLoopGroup-5-1] - receive pact, content is ReqHeartBeatPacket
[23:48:26][nioEventLoopGroup-5-1] - 客户端读超时
[23:48:26][nioEventLoopGroup-5-1] - receive pact, content is ReqHeartBeatPacket
[23:48:36][nioEventLoopGroup-5-1] - 客户端读超时
[23:48:36][nioEventLoopGroup-5-1] - receive pact, content is ReqHeartBeatPacket
[23:48:46][nioEventLoopGroup-5-1] - 客户端读超时
[23:48:46][nioEventLoopGroup-5-1] - receive pact, content is ReqHeartBeatPacket
[23:48:56][nioEventLoopGroup-5-1] - 客户端读超时
[23:48:56][nioEventLoopGroup-5-1] - receive pact, content is ReqHeartBeatPacket
[23:49:06][nioEventLoopGroup-5-1] - 客户端读超时
[23:49:06][nioEventLoopGroup-5-1] - receive pact, content is ReqHeartBeatPacket
[23:49:16][nioEventLoopGroup-5-1] - 客户端读超时
[23:49:16][nioEventLoopGroup-5-1] - receive pact, content is ReqHeartBeatPacket
[23:49:26][nioEventLoopGroup-5-1] - 客户端读超时
[23:49:26][nioEventLoopGroup-5-1] - receive pact, content is ReqHeartBeatPacket
[23:49:36][nioEventLoopGroup-5-1] - 客户端读超时
[23:49:36][nioEventLoopGroup-5-1] - receive pact, content is ReqHeartBeatPacket
[23:49:46][nioEventLoopGroup-5-1] - 客户端读超时
[23:49:46][nioEventLoopGroup-5-1] - receive pact, content is ReqHeartBeatPacket
[23:49:56][nioEventLoopGroup-5-1] - 客户端读超时
[23:49:56][nioEventLoopGroup-5-1] - receive pact, content is ReqHeartBeatPacket
[23:50:06][nioEventLoopGroup-5-1] - 客户端读超时
[23:50:06][nioEventLoopGroup-5-1] - receive pact, content is ReqHeartBeatPacket
[23:50:16][nioEventLoopGroup-5-1] - 客户端读超时
[23:50:16][nioEventLoopGroup-5-1] - receive pact, content is ReqHeartBeatPacket
[23:50:26][nioEventLoopGroup-5-1] - 客户端读超时
[23:50:26][nioEventLoopGroup-5-1] - receive pact, content is ReqHeartBeatPacket
[23:50:36][nioEventLoopGroup-5-1] - 客户端读超时
[23:50:36][nioEventLoopGroup-5-1] - receive pact, content is ReqHeartBeatPacket
[23:50:46][nioEventLoopGroup-5-1] - 客户端读超时
[23:50:46][nioEventLoopGroup-5-1] - receive pact, content is ReqHeartBeatPacket
[23:50:56][nioEventLoopGroup-5-1] - 客户端读超时
[23:50:56][nioEventLoopGroup-5-1] - receive pact, content is ReqHeartBeatPacket
[23:51:06][nioEventLoopGroup-5-1] - 客户端读超时
[23:51:06][nioEventLoopGroup-5-1] - receive pact, content is ReqHeartBeatPacket
[23:51:16][nioEventLoopGroup-5-1] - 客户端读超时
[23:51:16][nioEventLoopGroup-5-1] - receive pact, content is ReqHeartBeatPacket
[23:51:26][nioEventLoopGroup-5-1] - 客户端读超时
[23:51:26][nioEventLoopGroup-5-1] - receive pact, content is ReqHeartBeatPacket
[23:51:36][nioEventLoopGroup-5-1] - 客户端读超时
[23:51:36][nioEventLoopGroup-5-1] - receive pact, content is ReqHeartBeatPacket
[23:51:46][nioEventLoopGroup-5-1] - 客户端读超时
[23:51:46][nioEventLoopGroup-5-1] - receive pact, content is ReqHeartBeatPacket
[23:51:56][nioEventLoopGroup-5-1] - 客户端读超时
[23:51:56][nioEventLoopGroup-5-1] - receive pact, content is ReqHeartBeatPacket
[23:52:06][nioEventLoopGroup-5-1] - 客户端读超时
[23:52:06][nioEventLoopGroup-5-1] - receive pact, content is ReqHeartBeatPacket
[23:52:16][nioEventLoopGroup-5-1] - 客户端读超时
[23:52:16][nioEventLoopGroup-5-1] - receive pact, content is ReqHeartBeatPacket
[23:52:26][nioEventLoopGroup-5-1] - 客户端读超时
[23:52:26][nioEventLoopGroup-5-1] - receive pact, content is ReqHeartBeatPacket
[23:52:36][nioEventLoopGroup-5-1] - 客户端读超时
[23:52:36][nioEventLoopGroup-5-1] - receive pact, content is ReqHeartBeatPacket
[23:52:46][nioEventLoopGroup-5-1] - 客户端读超时
[23:52:46][nioEventLoopGroup-5-1] - receive pact, content is ReqHeartBeatPacket
[23:52:56][nioEventLoopGroup-5-1] - 客户端读超时
[23:52:56][nioEventLoopGroup-5-1] - receive pact, content is ReqHeartBeatPacket
[23:53:06][nioEventLoopGroup-5-1] - 客户端读超时
[23:53:06][nioEventLoopGroup-5-1] - receive pact, content is ReqHeartBeatPacket
[23:53:16][nioEventLoopGroup-5-1] - 客户端读超时
[23:53:16][nioEventLoopGroup-5-1] - receive pact, content is ReqHeartBeatPacket
[23:53:26][nioEventLoopGroup-5-1] - 客户端读超时
[23:53:26][nioEventLoopGroup-5-1] - receive pact, content is ReqHeartBeatPacket
[23:53:36][nioEventLoopGroup-5-1] - 客户端读超时
[23:53:36][nioEventLoopGroup-5-1] - receive pact, content is ReqHeartBeatPacket
[23:53:46][nioEventLoopGroup-5-1] - 客户端读超时
[23:53:46][nioEventLoopGroup-5-1] - receive pact, content is ReqHeartBeatPacket
[23:53:56][nioEventLoopGroup-5-1] - 客户端读超时
[23:53:56][nioEventLoopGroup-5-1] - receive pact, content is ReqHeartBeatPacket
[23:54:06][nioEventLoopGroup-5-1] - 客户端读超时
[23:54:06][nioEventLoopGroup-5-1] - receive pact, content is ReqHeartBeatPacket
[23:54:16][nioEventLoopGroup-5-1] - 客户端读超时
[23:54:16][nioEventLoopGroup-5-1] - receive pact, content is ReqHeartBeatPacket
[23:54:26][nioEventLoopGroup-5-1] - 客户端读超时
[23:54:26][nioEventLoopGroup-5-1] - receive pact, content is ReqHeartBeatPacket
[23:54:36][nioEventLoopGroup-5-1] - 客户端读超时
[23:54:36][nioEventLoopGroup-5-1] - receive pact, content is ReqHeartBeatPacket
[23:54:46][nioEventLoopGroup-5-1] - 客户端读超时
[23:54:46][nioEventLoopGroup-5-1] - receive pact, content is ReqHeartBeatPacket
[23:54:56][nioEventLoopGroup-5-1] - 客户端读超时
[23:54:56][nioEventLoopGroup-5-1] - receive pact, content is ReqHeartBeatPacket
[23:55:06][nioEventLoopGroup-5-1] - 客户端读超时
[23:55:06][nioEventLoopGroup-5-1] - receive pact, content is ReqHeartBeatPacket
[23:55:16][nioEventLoopGroup-5-1] - 客户端读超时
[23:55:16][nioEventLoopGroup-5-1] - receive pact, content is ReqHeartBeatPacket
[23:55:26][nioEventLoopGroup-5-1] - 客户端读超时
[23:55:26][nioEventLoopGroup-5-1] - receive pact, content is ReqHeartBeatPacket
[23:55:36][nioEventLoopGroup-5-1] - 客户端读超时
[23:55:36][nioEventLoopGroup-5-1] - receive pact, content is ReqHeartBeatPacket
[23:55:46][nioEventLoopGroup-5-1] - 客户端读超时
[23:55:46][nioEventLoopGroup-5-1] - receive pact, content is ReqHeartBeatPacket
[23:55:56][nioEventLoopGroup-5-1] - 客户端读超时
[23:55:56][nioEventLoopGroup-5-1] - receive pact, content is ReqHeartBeatPacket
[23:56:06][nioEventLoopGroup-5-1] - 客户端读超时
[23:56:06][nioEventLoopGroup-5-1] - receive pact, content is ReqHeartBeatPacket
[23:56:16][nioEventLoopGroup-5-1] - 客户端读超时
[23:56:16][nioEventLoopGroup-5-1] - receive pact, content is ReqHeartBeatPacket
[23:56:26][nioEventLoopGroup-5-1] - 客户端读超时
[23:56:26][nioEventLoopGroup-5-1] - receive pact, content is ReqHeartBeatPacket
[23:56:36][nioEventLoopGroup-5-1] - 客户端读超时
[23:56:36][nioEventLoopGroup-5-1] - receive pact, content is ReqHeartBeatPacket
[23:56:46][nioEventLoopGroup-5-1] - 客户端读超时
[23:56:46][nioEventLoopGroup-5-1] - receive pact, content is ReqHeartBeatPacket
[23:56:56][nioEventLoopGroup-5-1] - 客户端读超时
[23:56:56][nioEventLoopGroup-5-1] - receive pact, content is ReqHeartBeatPacket
[23:57:06][nioEventLoopGroup-5-1] - 客户端读超时
[23:57:06][nioEventLoopGroup-5-1] - receive pact, content is ReqHeartBeatPacket
[23:57:16][nioEventLoopGroup-5-1] - 客户端读超时
[23:57:16][nioEventLoopGroup-5-1] - receive pact, content is ReqHeartBeatPacket
[23:57:26][nioEventLoopGroup-5-1] - 客户端读超时
[23:57:26][nioEventLoopGroup-5-1] - receive pact, content is ReqHeartBeatPacket
[23:57:36][nioEventLoopGroup-5-1] - 客户端读超时
[23:57:36][nioEventLoopGroup-5-1] - receive pact, content is ReqHeartBeatPacket
[23:57:46][nioEventLoopGroup-5-1] - 客户端读超时
[23:57:46][nioEventLoopGroup-5-1] - receive pact, content is ReqHeartBeatPacket
[23:57:56][nioEventLoopGroup-5-1] - 客户端读超时
[23:57:56][nioEventLoopGroup-5-1] - receive pact, content is ReqHeartBeatPacket
[23:58:06][nioEventLoopGroup-5-1] - 客户端读超时
[23:58:06][nioEventLoopGroup-5-1] - receive pact, content is ReqHeartBeatPacket
[23:58:16][nioEventLoopGroup-5-1] - 客户端读超时
[23:58:16][nioEventLoopGroup-5-1] - receive pact, content is ReqHeartBeatPacket
[23:58:26][nioEventLoopGroup-5-1] - 客户端读超时
[23:58:26][nioEventLoopGroup-5-1] - receive pact, content is ReqHeartBeatPacket
[23:58:36][nioEventLoopGroup-5-1] - 客户端读超时
[23:58:36][nioEventLoopGroup-5-1] - receive pact, content is ReqHeartBeatPacket
[23:58:46][nioEventLoopGroup-5-1] - 客户端读超时
[23:58:46][nioEventLoopGroup-5-1] - receive pact, content is ReqHeartBeatPacket
[23:58:56][nioEventLoopGroup-5-1] - 客户端读超时
[23:58:56][nioEventLoopGroup-5-1] - receive pact, content is ReqHeartBeatPacket
[23:59:06][nioEventLoopGroup-5-1] - 客户端读超时
[23:59:06][nioEventLoopGroup-5-1] - receive pact, content is ReqHeartBeatPacket
[23:59:16][nioEventLoopGroup-5-1] - 客户端读超时
[23:59:16][nioEventLoopGroup-5-1] - receive pact, content is ReqHeartBeatPacket
[23:59:26][nioEventLoopGroup-5-1] - 客户端读超时
[23:59:26][nioEventLoopGroup-5-1] - receive pact, content is ReqHeartBeatPacket
[23:59:36][nioEventLoopGroup-5-1] - 客户端读超时
[23:59:36][nioEventLoopGroup-5-1] - receive pact, content is ReqHeartBeatPacket
[23:59:46][nioEventLoopGroup-5-1] - 客户端读超时
[23:59:46][nioEventLoopGroup-5-1] - receive pact, content is ReqHeartBeatPacket
[23:59:56][nioEventLoopGroup-5-1] - 客户端读超时
[23:59:56][nioEventLoopGroup-5-1] - receive pact, content is ReqHeartBeatPacket
