[20:00:06][nioEventLoopGroup-5-1] - 客户端读超时
[20:00:06][nioEventLoopGroup-5-1] - receive pact, content is ReqHeartBeatPacket
[20:00:16][nioEventLoopGroup-5-1] - 客户端读超时
[20:00:16][nioEventLoopGroup-5-1] - receive pact, content is ReqHeartBeatPacket
[20:00:26][nioEventLoopGroup-5-1] - 客户端读超时
[20:00:26][nioEventLoopGroup-5-1] - receive pact, content is ReqHeartBeatPacket
[20:00:36][nioEventLoopGroup-5-1] - 客户端读超时
[20:00:36][nioEventLoopGroup-5-1] - receive pact, content is ReqHeartBeatPacket
[20:00:46][nioEventLoopGroup-5-1] - 客户端读超时
[20:00:46][nioEventLoopGroup-5-1] - receive pact, content is ReqHeartBeatPacket
[20:07:24][main] - Refreshing org.springframework.context.support.FileSystemXmlApplicationContext@3f102e87: startup date [Sat Aug 12 20:07:24 CST 2017]; root of context hierarchy
[20:07:25][main] - Loading XML bean definitions from file [E:\workspace\chat_room\chat_server\config\applicationContext.xml]
[20:07:25][main] - Loaded JDBC driver: com.mysql.jdbc.Driver
[20:07:26][main] - 加载groovy脚本的目录为:E:\workspace\chat_room\chat_server\groovy
[20:07:26][main] - 开始加载groovy脚本
[20:07:26][main] - 注册groovy bean [groovy\com\kingston\logic\chat\ChatInspector.java] 
[20:07:27][main] - http server start at [10086]
[20:07:29][main] - 服务端已启动，正在监听用户的请求......
[20:07:40][nioEventLoopGroup-5-1] - receive pact, content is ReqUserRegisterPacket
[20:07:44][nioEventLoopGroup-5-1] - receive pact, content is ReqUserRegisterPacket
[20:07:54][nioEventLoopGroup-5-1] - 客户端读超时
[20:07:54][nioEventLoopGroup-5-1] - receive pact, content is ReqHeartBeatPacket
[20:08:04][nioEventLoopGroup-5-1] - 客户端读超时
[20:08:04][nioEventLoopGroup-5-1] - receive pact, content is ReqHeartBeatPacket
[20:08:14][nioEventLoopGroup-5-1] - 客户端读超时
[20:08:14][nioEventLoopGroup-5-1] - receive pact, content is ReqHeartBeatPacket
[20:08:16][nioEventLoopGroup-5-1] - 业务逻辑出错
java.io.IOException: 远程主机强迫关闭了一个现有的连接。
	at sun.nio.ch.SocketDispatcher.read0(Native Method)
	at sun.nio.ch.SocketDispatcher.read(SocketDispatcher.java:43)
	at sun.nio.ch.IOUtil.readIntoNativeBuffer(IOUtil.java:223)
	at sun.nio.ch.IOUtil.read(IOUtil.java:192)
	at sun.nio.ch.SocketChannelImpl.read(SocketChannelImpl.java:380)
	at io.netty.buffer.UnpooledUnsafeDirectByteBuf.setBytes(UnpooledUnsafeDirectByteBuf.java:446)
	at io.netty.buffer.AbstractByteBuf.writeBytes(AbstractByteBuf.java:871)
	at io.netty.channel.socket.nio.NioSocketChannel.doReadBytes(NioSocketChannel.java:208)
	at io.netty.channel.nio.AbstractNioByteChannel$NioByteUnsafe.read(AbstractNioByteChannel.java:119)
	at io.netty.channel.nio.NioEventLoop.processSelectedKey(NioEventLoop.java:485)
	at io.netty.channel.nio.NioEventLoop.processSelectedKeysOptimized(NioEventLoop.java:452)
	at io.netty.channel.nio.NioEventLoop.run(NioEventLoop.java:346)
	at io.netty.util.concurrent.SingleThreadEventExecutor$5.run(SingleThreadEventExecutor.java:794)
	at java.lang.Thread.run(Thread.java:745)
[20:08:16][nioEventLoopGroup-5-1] - simpleclient/127.0.0.1:8087异常
[20:08:16][nioEventLoopGroup-5-1] - 业务逻辑出错
io.netty.handler.codec.DecoderException: java.lang.NullPointerException
	at io.netty.handler.codec.ByteToMessageDecoder.channelInactive(ByteToMessageDecoder.java:199)
	at io.netty.channel.ChannelHandlerInvokerUtil.invokeChannelInactiveNow(ChannelHandlerInvokerUtil.java:46)
	at io.netty.channel.DefaultChannelHandlerInvoker.invokeChannelInactive(DefaultChannelHandlerInvoker.java:77)
	at io.netty.channel.DefaultChannelHandlerContext.fireChannelInactive(DefaultChannelHandlerContext.java:299)
	at io.netty.channel.DefaultChannelPipeline.fireChannelInactive(DefaultChannelPipeline.java:827)
	at io.netty.channel.AbstractChannel$AbstractUnsafe$5.run(AbstractChannel.java:544)
	at io.netty.util.concurrent.SingleThreadEventExecutor.runAllTasks(SingleThreadEventExecutor.java:318)
	at io.netty.channel.nio.NioEventLoop.run(NioEventLoop.java:353)
	at io.netty.util.concurrent.SingleThreadEventExecutor$5.run(SingleThreadEventExecutor.java:794)
	at java.lang.Thread.run(Thread.java:745)
Caused by: java.lang.NullPointerException
	at com.kingston.net.codec.PacketDecoder.decode(PacketDecoder.java:25)
	at io.netty.handler.codec.LengthFieldBasedFrameDecoder.decode(LengthFieldBasedFrameDecoder.java:343)
	at io.netty.handler.codec.ByteToMessageDecoder.decodeLast(ByteToMessageDecoder.java:283)
	at io.netty.handler.codec.ByteToMessageDecoder.channelInactive(ByteToMessageDecoder.java:194)
	... 9 more
[20:09:09][main] - Refreshing org.springframework.context.support.FileSystemXmlApplicationContext@3f102e87: startup date [Sat Aug 12 20:09:09 CST 2017]; root of context hierarchy
[20:09:09][main] - Loading XML bean definitions from file [E:\workspace\chat_room\chat_server\config\applicationContext.xml]
[20:09:10][main] - Loaded JDBC driver: com.mysql.jdbc.Driver
[20:09:10][main] - 加载groovy脚本的目录为:E:\workspace\chat_room\chat_server\groovy
[20:09:10][main] - 开始加载groovy脚本
[20:09:10][main] - 注册groovy bean [groovy\com\kingston\logic\chat\ChatInspector.java] 
[20:09:11][main] - http server start at [10086]
[20:09:14][main] - 服务端已启动，正在监听用户的请求......
[20:09:22][nioEventLoopGroup-5-1] - receive pact, content is ReqUserRegisterPacket
[20:09:25][nioEventLoopGroup-5-1] - receive pact, content is ReqUserRegisterPacket
[20:09:30][nioEventLoopGroup-5-1] - receive pact, content is ReqUserRegisterPacket
[20:09:36][nioEventLoopGroup-5-1] - receive pact, content is ReqUserLoginPacket
[20:09:46][nioEventLoopGroup-5-1] - 客户端读超时
[20:09:46][nioEventLoopGroup-5-1] - receive pact, content is ReqHeartBeatPacket
[20:09:56][nioEventLoopGroup-5-1] - 客户端读超时
[20:09:56][nioEventLoopGroup-5-1] - receive pact, content is ReqHeartBeatPacket
[20:10:06][nioEventLoopGroup-5-1] - 客户端读超时
[20:10:06][nioEventLoopGroup-5-1] - receive pact, content is ReqHeartBeatPacket
[20:10:16][nioEventLoopGroup-5-1] - 客户端读超时
[20:10:16][nioEventLoopGroup-5-1] - receive pact, content is ReqHeartBeatPacket
[20:10:26][nioEventLoopGroup-5-1] - 客户端读超时
[20:10:26][nioEventLoopGroup-5-1] - receive pact, content is ReqHeartBeatPacket
